
*** Running vivado
    with args -log dma_processing_system7_0_0.vds -m64 -product Vivado -mode batch -messageDb vivado.pb -notrace -source dma_processing_system7_0_0.tcl


****** Vivado v2016.4 (64-bit)
  **** SW Build 1756540 on Mon Jan 23 19:11:23 MST 2017
  **** IP Build 1755317 on Mon Jan 23 20:30:07 MST 2017
    ** Copyright 1986-2016 Xilinx, Inc. All Rights Reserved.

source dma_processing_system7_0_0.tcl -notrace
Starting RTL Elaboration : Time (s): cpu = 00:00:13 ; elapsed = 00:00:15 . Memory (MB): peak = 306.957 ; gain = 96.758
INFO: [Synth 8-638] synthesizing module 'dma_processing_system7_0_0' [f:/zed_dma/zed_dma.srcs/sources_1/bd/dma/ip/dma_processing_system7_0_0/synth/dma_processing_system7_0_0.v:60]
INFO: [Synth 8-638] synthesizing module 'processing_system7_v5_5_processing_system7' [f:/zed_dma/zed_dma.srcs/sources_1/bd/dma/ip/dma_processing_system7_0_0/hdl/verilog/processing_system7_v5_5_processing_system7.v:161]
INFO: [Synth 8-638] synthesizing module 'BUFG' [D:/eda_tools/Xilinx/Vivado/2016.4/scripts/rt/data/unisim_comp.v:607]
INFO: [Synth 8-256] done synthesizing module 'BUFG' (1#1) [D:/eda_tools/Xilinx/Vivado/2016.4/scripts/rt/data/unisim_comp.v:607]
INFO: [Synth 8-638] synthesizing module 'BIBUF' [D:/eda_tools/Xilinx/Vivado/2016.4/scripts/rt/data/unisim_comp.v:268]
INFO: [Synth 8-256] done synthesizing module 'BIBUF' (2#1) [D:/eda_tools/Xilinx/Vivado/2016.4/scripts/rt/data/unisim_comp.v:268]
INFO: [Synth 8-638] synthesizing module 'PS7' [D:/eda_tools/Xilinx/Vivado/2016.4/scripts/rt/data/unisim_comp.v:33182]
INFO: [Synth 8-256] done synthesizing module 'PS7' (3#1) [D:/eda_tools/Xilinx/Vivado/2016.4/scripts/rt/data/unisim_comp.v:33182]
INFO: [Synth 8-256] done synthesizing module 'processing_system7_v5_5_processing_system7' (4#1) [f:/zed_dma/zed_dma.srcs/sources_1/bd/dma/ip/dma_processing_system7_0_0/hdl/verilog/processing_system7_v5_5_processing_system7.v:161]
INFO: [Synth 8-256] done synthesizing module 'dma_processing_system7_0_0' (5#1) [f:/zed_dma/zed_dma.srcs/sources_1/bd/dma/ip/dma_processing_system7_0_0/synth/dma_processing_system7_0_0.v:60]
Finished RTL Elaboration : Time (s): cpu = 00:00:15 ; elapsed = 00:00:17 . Memory (MB): peak = 344.434 ; gain = 134.234
Finished RTL Optimization Phase 1 : Time (s): cpu = 00:00:15 ; elapsed = 00:00:17 . Memory (MB): peak = 344.434 ; gain = 134.234
INFO: [Device 21-403] Loading part xc7z020clg484-1
Constraint Validation Runtime : Time (s): cpu = 00:00:00 ; elapsed = 00:00:00.094 . Memory (MB): peak = 597.652 ; gain = 0.000
Finished Constraint Validation : Time (s): cpu = 00:00:40 ; elapsed = 00:00:45 . Memory (MB): peak = 597.652 ; gain = 387.453
Finished Loading Part and Timing Information : Time (s): cpu = 00:00:40 ; elapsed = 00:00:45 . Memory (MB): peak = 597.652 ; gain = 387.453
Finished applying 'set_property' XDC Constraints : Time (s): cpu = 00:00:41 ; elapsed = 00:00:46 . Memory (MB): peak = 597.652 ; gain = 387.453
Finished RTL Optimization Phase 2 : Time (s): cpu = 00:00:42 ; elapsed = 00:00:47 . Memory (MB): peak = 597.652 ; gain = 387.453
Finished Cross Boundary and Area Optimization : Time (s): cpu = 00:00:43 ; elapsed = 00:00:48 . Memory (MB): peak = 597.652 ; gain = 387.453
Finished Applying XDC Timing Constraints : Time (s): cpu = 00:01:03 ; elapsed = 00:01:09 . Memory (MB): peak = 798.535 ; gain = 588.336
Finished Timing Optimization : Time (s): cpu = 00:01:03 ; elapsed = 00:01:09 . Memory (MB): peak = 815.500 ; gain = 605.301
Finished Technology Mapping : Time (s): cpu = 00:01:05 ; elapsed = 00:01:11 . Memory (MB): peak = 819.879 ; gain = 609.680
Finished IO Insertion : Time (s): cpu = 00:01:07 ; elapsed = 00:01:13 . Memory (MB): peak = 819.879 ; gain = 609.680
Finished Renaming Generated Instances : Time (s): cpu = 00:01:07 ; elapsed = 00:01:13 . Memory (MB): peak = 819.879 ; gain = 609.680
Finished Rebuilding User Hierarchy : Time (s): cpu = 00:01:07 ; elapsed = 00:01:13 . Memory (MB): peak = 819.879 ; gain = 609.680
Finished Renaming Generated Ports : Time (s): cpu = 00:01:07 ; elapsed = 00:01:13 . Memory (MB): peak = 819.879 ; gain = 609.680
Finished Handling Custom Attributes : Time (s): cpu = 00:01:08 ; elapsed = 00:01:13 . Memory (MB): peak = 819.879 ; gain = 609.680
Finished Renaming Generated Nets : Time (s): cpu = 00:01:08 ; elapsed = 00:01:13 . Memory (MB): peak = 819.879 ; gain = 609.680

Report Cell Usage: 
+------+------+------+
|      |Cell  |Count |
+------+------+------+
|1     |BIBUF |   130|
|2     |BUFG  |     2|
|3     |LUT1  |   112|
|4     |PS7   |     1|
+------+------+------+
Finished Writing Synthesis Report : Time (s): cpu = 00:01:08 ; elapsed = 00:01:13 . Memory (MB): peak = 819.879 ; gain = 609.680
synth_design: Time (s): cpu = 00:01:06 ; elapsed = 00:01:11 . Memory (MB): peak = 843.137 ; gain = 617.234
