15:43:25 INFO  : Launching XSCT server: xsct -n -interactive /home/gsc/zynq7000/projects/hardware_design/zed_dma/zed_dma.sdk/temp_xsdb_launch_script.tcl
15:43:26 INFO  : XSCT server has started successfully.
15:43:26 INFO  : Successfully done setting XSCT server connection channel  
15:43:26 INFO  : Successfully done setting SDK workspace  
15:43:26 INFO  : Restoring local repository preferences: 
		 /home/gsc/zynq7000/resources/device_tree/device_tree-generator
15:43:29 INFO  : Registering command handlers for SDK TCF services
15:43:29 INFO  : Processing command line option -hwspec /home/gsc/zynq7000/projects/hardware_design/zed_dma/zed_dma.sdk/dma_wrapper.hdf.
15:44:26 INFO  : Registering command handlers for SDK TCF services
15:44:26 INFO  : Launching XSCT server: xsct -n -interactive /home/gsc/zynq7000/projects/hardware_design/zed_dma/zed_dma.sdk/temp_xsdb_launch_script.tcl
15:44:27 INFO  : XSCT server has started successfully.
15:44:27 INFO  : Successfully done setting XSCT server connection channel  
15:44:27 INFO  : Successfully done setting SDK workspace  
15:44:27 INFO  : Restoring local repository preferences: 
		 /home/gsc/zynq7000/resources/device_tree/device_tree-generator
15:44:27 INFO  : Processing command line option -hwspec /home/gsc/zynq7000/projects/hardware_design/zed_dma/zed_dma.sdk/dma_wrapper.hdf.
15:50:52 INFO  : Invoking Bootgen: bootgen -image FSBL.bif -arch zynq -o /home/gsc/zynq7000/projects/out_zed/binary_generation/BOOT.bin -w on
15:50:52 INFO  : Overwriting existing bif file /home/gsc/zynq7000/projects/out_zed/binary_generation/FSBL.bif
15:50:52 INFO  : Bootgen command execution is done.
15:45:20 INFO  : Launching XSCT server: xsct -n -interactive /home/gsc/zynq7000/projects/hardware_design/zed_dma/zed_dma.sdk/temp_xsdb_launch_script.tcl
15:45:21 INFO  : XSCT server has started successfully.
15:45:21 INFO  : Successfully done setting XSCT server connection channel  
15:45:22 INFO  : Successfully done setting SDK workspace  
15:45:22 INFO  : Restoring local repository preferences: 
		 /home/gsc/zynq7000/resources/device_tree/device_tree-generator
15:45:30 INFO  : Registering command handlers for SDK TCF services
15:45:30 INFO  : Processing command line option -hwspec /home/gsc/zynq7000/projects/hardware_design/zed_dma/zed_dma.sdk/dma_wrapper.hdf.
15:45:31 INFO  : Checking for hwspec changes in the project dma_wrapper_hw_platform_0.
15:45:31 INFO  : SDK has detected change in the last modified timestamps for source hardware specification file Source:1492583127000,  Project:1492500790000
15:45:31 INFO  : The hardware specification for project 'dma_wrapper_hw_platform_0' is different from /home/gsc/zynq7000/projects/hardware_design/zed_dma/zed_dma.sdk/dma_wrapper.hdf.
15:45:31 INFO  : Copied contents of /home/gsc/zynq7000/projects/hardware_design/zed_dma/zed_dma.sdk/dma_wrapper.hdf into /dma_wrapper_hw_platform_0/system.hdf.
15:45:38 INFO  : Synchronizing projects in the workspace with the hardware platform specification changes.
15:45:40 INFO  : 
15:45:44 INFO  : 
15:45:48 INFO  : BSP Project P/device_tree_bsp_0 has been successfully migrated.
15:45:49 INFO  : Updating hardware inferred compiler options for FSBL.
15:45:49 INFO  : Clearing existing target manager status.
15:46:52 ERROR : Unexpected error while parsing XMD response ￿: com.google.gson.JsonSyntaxException: com.google.gson.stream.MalformedJsonException: invalid number or unquoted string near 
15:47:20 INFO  : Registering command handlers for SDK TCF services
15:47:20 INFO  : Launching XSCT server: xsct -n -interactive /home/gsc/zynq7000/projects/hardware_design/zed_dma/zed_dma.sdk/temp_xsdb_launch_script.tcl
15:47:21 INFO  : XSCT server has started successfully.
15:47:21 INFO  : Successfully done setting XSCT server connection channel  
15:47:21 INFO  : Successfully done setting SDK workspace  
15:47:21 INFO  : Restoring local repository preferences: 
		 /home/gsc/zynq7000/resources/device_tree/device_tree-generator
15:47:21 INFO  : Processing command line option -hwspec /home/gsc/zynq7000/projects/hardware_design/zed_dma/zed_dma.sdk/dma_wrapper.hdf.
16:00:07 INFO  : Invoking Bootgen: bootgen -image FSBL.bif -arch zynq -o /home/gsc/zynq7000/projects/out_zed/binary_generation/BOOT.bin -w on
16:00:07 INFO  : Overwriting existing bif file /home/gsc/zynq7000/projects/out_zed/binary_generation/FSBL.bif
16:00:07 INFO  : Bootgen command execution is done.
16:39:32 INFO  : Launching XSCT server: xsct -n -interactive /home/gsc/zynq7000/projects/hardware_design/zed_dma/zed_dma.sdk/temp_xsdb_launch_script.tcl
16:39:33 INFO  : XSCT server has started successfully.
16:39:33 INFO  : Successfully done setting XSCT server connection channel  
16:39:33 INFO  : Successfully done setting SDK workspace  
16:39:33 INFO  : Restoring local repository preferences: 
		 /home/gsc/zynq7000/resources/device_tree/device_tree-generator
16:39:39 INFO  : Registering command handlers for SDK TCF services
16:39:39 INFO  : Processing command line option -hwspec /home/gsc/zynq7000/projects/hardware_design/zed_dma/zed_dma.sdk/dma_wrapper.hdf.
16:39:40 INFO  : Checking for hwspec changes in the project dma_wrapper_hw_platform_0.
16:39:44 INFO  : BSP Project P/device_tree_bsp_0 has been successfully migrated.
19:18:38 INFO  : Launching XSCT server: xsct -n -interactive /home/gsc/zynq7000/projects/hardware_design/zed_dma/zed_dma.sdk/temp_xsdb_launch_script.tcl
19:18:39 INFO  : XSCT server has started successfully.
19:18:39 INFO  : Successfully done setting XSCT server connection channel  
19:18:39 INFO  : Successfully done setting SDK workspace  
19:18:39 INFO  : Restoring local repository preferences: 
		 /home/gsc/zynq7000/resources/device_tree/device_tree-generator
19:18:45 INFO  : Registering command handlers for SDK TCF services
19:18:45 INFO  : Processing command line option -hwspec /home/gsc/zynq7000/projects/hardware_design/zed_dma/zed_dma.sdk/dma_wrapper.hdf.
19:18:46 INFO  : Checking for hwspec changes in the project dma_wrapper_hw_platform_0.
19:18:46 INFO  : SDK has detected change in the last modified timestamps for source hardware specification file Source:1492596827000,  Project:1492583127000
19:18:46 INFO  : The hardware specification for project 'dma_wrapper_hw_platform_0' is different from /home/gsc/zynq7000/projects/hardware_design/zed_dma/zed_dma.sdk/dma_wrapper.hdf.
19:18:46 INFO  : Copied contents of /home/gsc/zynq7000/projects/hardware_design/zed_dma/zed_dma.sdk/dma_wrapper.hdf into /dma_wrapper_hw_platform_0/system.hdf.
19:18:52 INFO  : Synchronizing projects in the workspace with the hardware platform specification changes.
19:18:53 INFO  : 
19:18:57 INFO  : 
19:19:00 INFO  : BSP Project P/device_tree_bsp_0 has been successfully migrated.
19:19:02 INFO  : Updating hardware inferred compiler options for FSBL.
19:19:02 INFO  : Clearing existing target manager status.
19:22:30 INFO  : Invoking Bootgen: bootgen -image FSBL.bif -arch zynq -o /home/gsc/zynq7000/projects/out_zed/binary_generation/BOOT.bin -w on
19:22:30 INFO  : Overwriting existing bif file /home/gsc/zynq7000/projects/out_zed/binary_generation/FSBL.bif
19:22:30 INFO  : Bootgen command execution is done.
20:58:17 INFO  : Launching XSCT server: xsct.bat -interactive E:\hard_design\zed_dma\zed_dma.sdk\temp_xsdb_launch_script.tcl
20:58:20 INFO  : XSCT server has started successfully.
20:58:20 INFO  : Successfully done setting XSCT server connection channel  
20:58:20 INFO  : Successfully done setting SDK workspace  
20:58:20 INFO  : Restoring local repository preferences: 
		 /home/gsc/zynq7000/resources/device_tree/device_tree-generator:
20:58:20 WARN  : Invalid repository path /home/gsc/zynq7000/resources/device_tree/device_tree-generator:.
20:58:28 INFO  : Registering command handlers for SDK TCF services
20:58:28 INFO  : Processing command line option -hwspec E:/hard_design/zed_dma/zed_dma.sdk/dma_wrapper.hdf.
20:59:03 ERROR : (XSDB Server)ERROR: [Hsi 55-1597] SwCore axi_dma is not found in Repositories

20:59:03 ERROR : (XSDB Server)ERROR: [Hsi 55-1594] Core axi_dma of version  not found in repositories
ERROR: [Hsi 55-1597] SwCore ddrcps is not found in Repositories
ERROR: [Hsi 55-1594] Core ddrcps of version  not found in repositories
ERROR: [Hsi 55-1597] SwCore globaltimerps is not found in Repositories
ERROR: [Hsi 55-1594] Core globaltimerps of version  not found in repositories
ERROR: [Hsi 55-1597] SwCore ocmcps is not found in Repositories
ERROR: [Hsi 55-1594] Core ocmcps of version  not found in repositories
ERROR: [Hsi 55-1597] SwCore pl310ps is not found in Repositories
ERROR: [Hsi 55-1594] Core pl310ps of version  not found in repositories
ERROR: [Hsi 55-1597] SwCore pmups is not found in Repositories
ERROR: [Hsi 55-1594] Core pmups of version  not found in repositories
ERROR: [Hsi 55-1597] SwCore ramps is not found in Repositories
ERROR: [Hsi 55-1594] Core ramps of version  not found in repositories
ERROR: [Hsi 55-1597] SwCore slcrps is not found in Repositories
ERROR: [Hsi 55-1594] Core slcrps of version  not found in repositories
ERROR: [Hsi 55-1597] SwCore device_tree is not found in Repositories
ERROR: [Hsi 55-1594] Core device_tree of version  not found in repositories
ERROR: [Hsi 55-1452] Error: running open_sw_design.

20:59:03 ERROR :  [Common 17-39] 'hsi::open_sw_design' failed due to earlier errors.
20:59:03 ERROR : (XSDB Server)ERROR: [Hsi 55-1597] SwCore axi_dma is not found in Repositories

20:59:03 ERROR : (XSDB Server)ERROR: [Hsi 55-1594] Core axi_dma of version  not found in repositories

20:59:03 ERROR : (XSDB Server)ERROR: [Hsi 55-1597] SwCore ddrcps is not found in Repositories

20:59:03 ERROR : (XSDB Server)ERROR: [Hsi 55-1594] Core ddrcps of version  not found in repositories

20:59:03 ERROR : (XSDB Server)ERROR: [Hsi 55-1597] SwCore globaltimerps is not found in Repositories

20:59:03 ERROR : (XSDB Server)ERROR: [Hsi 55-1594] Core globaltimerps of version  not found in repositories

20:59:03 ERROR : (XSDB Server)ERROR: [Hsi 55-1597] SwCore ocmcps is not found in Repositories

20:59:03 ERROR : (XSDB Server)ERROR: [Hsi 55-1594] Core ocmcps of version  not found in repositories
ERROR: [Hsi 55-1597] SwCore pl310ps is not found in Repositories
ERROR: [Hsi 55-1594] Core pl310ps of version  not found in repositories
ERROR: [Hsi 55-1597] SwCore pmups is not found in Repositories
ERROR: [Hsi 55-1594] Core pmups of version  not found in repositories

20:59:03 ERROR : (XSDB Server)ERROR: [Hsi 55-1597] SwCore ramps is not found in Repositories

20:59:03 ERROR : (XSDB Server)ERROR: [Hsi 55-1594] Core ramps of version  not found in repositories

20:59:03 ERROR : (XSDB Server)ERROR: [Hsi 55-1597] SwCore slcrps is not found in Repositories
ERROR: [Hsi 55-1594] Core slcrps of version  not found in repositories

20:59:03 ERROR : (XSDB Server)ERROR: [Hsi 55-1597] SwCore device_tree is not found in Repositories

20:59:03 ERROR : (XSDB Server)ERROR: [Hsi 55-1594] Core device_tree of version  not found in repositories
ERROR: [Hsi 55-1452] Error: running open_sw_design.

20:59:03 INFO  : Unable to read in MSS file E:\hard_design\zed_dma\zed_dma.sdk\device_tree_bsp_0\system.mss : null
20:59:03 ERROR : (XSDB Server)ERROR: [Hsi 55-1597] SwCore axi_dma is not found in Repositories

20:59:03 ERROR : (XSDB Server)ERROR: [Hsi 55-1594] Core axi_dma of version  not found in repositories

20:59:03 ERROR : (XSDB Server)ERROR: [Hsi 55-1597] SwCore ddrcps is not found in Repositories

20:59:03 ERROR : (XSDB Server)ERROR: [Hsi 55-1594] Core ddrcps of version  not found in repositories

20:59:03 ERROR : (XSDB Server)ERROR: [Hsi 55-1597] SwCore globaltimerps is not found in Repositories
ERROR: [Hsi 55-1594] Core globaltimerps of version  not found in repositories

20:59:03 ERROR : (XSDB Server)ERROR: [Hsi 55-1597] SwCore ocmcps is not found in Repositories

20:59:03 ERROR : (XSDB Server)ERROR: [Hsi 55-1594] Core ocmcps of version  not found in repositories
ERROR: [Hsi 55-1597] SwCore pl310ps is not found in Repositories

20:59:03 ERROR : (XSDB Server)ERROR: [Hsi 55-1594] Core pl310ps of version  not found in repositories

20:59:03 ERROR : (XSDB Server)ERROR: [Hsi 55-1597] SwCore pmups is not found in Repositories
ERROR: [Hsi 55-1594] Core pmups of version  not found in repositories

20:59:03 ERROR : (XSDB Server)ERROR: [Hsi 55-1597] SwCore ramps is not found in Repositories

20:59:03 ERROR : (XSDB Server)ERROR: [Hsi 55-1594] Core ramps of version  not found in repositories

20:59:03 ERROR : (XSDB Server)ERROR: [Hsi 55-1597] SwCore slcrps is not found in Repositories
ERROR: [Hsi 55-1594] Core slcrps of version  not found in repositories

20:59:03 ERROR : (XSDB Server)ERROR: [Hsi 55-1597] SwCore device_tree is not found in Repositories

20:59:03 ERROR : (XSDB Server)ERROR: [Hsi 55-1594] Core device_tree of version  not found in repositories

20:59:03 ERROR : (XSDB Server)ERROR: [Hsi 55-1452] Error: running open_sw_design.

20:59:03 ERROR : Failed in generating sources
20:59:03 INFO  : BSP Project P/device_tree_bsp_0 has been successfully migrated.
22:02:17 INFO  : Launching XSCT server: xsct -n -interactive /home/gsc/zynq7000/projects/hardware_design/zed_dma/zed_dma.sdk/temp_xsdb_launch_script.tcl
22:02:18 INFO  : XSCT server has started successfully.
22:02:18 INFO  : Successfully done setting XSCT server connection channel  
22:02:21 INFO  : Successfully done setting SDK workspace  
22:02:24 INFO  : Registering command handlers for SDK TCF services
22:02:24 INFO  : Restoring local repository preferences: 
		 /home/gsc/zynq7000/resources/device_tree/device_tree-generator
22:02:24 INFO  : Processing command line option -hwspec /home/gsc/zynq7000/projects/hardware_design/zed_dma/zed_dma.sdk/dma_wrapper.hdf.
22:02:25 INFO  : Checking for hwspec changes in the project dma_wrapper_hw_platform_0.
22:02:25 INFO  : SDK has detected change in the last modified timestamps for source hardware specification file Source:1492606458000,  Project:1492596827000
22:02:25 INFO  : The hardware specification for project 'dma_wrapper_hw_platform_0' is different from /home/gsc/zynq7000/projects/hardware_design/zed_dma/zed_dma.sdk/dma_wrapper.hdf.
22:02:25 INFO  : Copied contents of /home/gsc/zynq7000/projects/hardware_design/zed_dma/zed_dma.sdk/dma_wrapper.hdf into /dma_wrapper_hw_platform_0/system.hdf.
22:02:32 INFO  : Synchronizing projects in the workspace with the hardware platform specification changes.
22:02:33 INFO  : 
22:02:37 INFO  : Updating hardware inferred compiler options for FSBL.
22:02:37 INFO  : Clearing existing target manager status.
22:02:39 INFO  : Closing and re-opening the MSS file of ther project FSBL_bsp
22:02:40 INFO  : Workspace synchronized with the new hardware specification file. Cleaning dependent projects...
22:02:41 WARN  : Linker script will not be updated automatically. Users need to update it manually.
22:03:21 INFO  : Invoking Bootgen: bootgen -image FSBL.bif -arch zynq -o /home/gsc/zynq7000/projects/out_zed/binary_generation/BOOT.bin -w on
22:03:21 INFO  : Overwriting existing bif file /home/gsc/zynq7000/projects/out_zed/binary_generation/FSBL.bif
22:03:22 INFO  : Bootgen command execution is done.
22:04:07 ERROR : Unexpected error while parsing XMD response ￿: com.google.gson.JsonSyntaxException: com.google.gson.stream.MalformedJsonException: invalid number or unquoted string near 
22:20:41 INFO  : Launching XSCT server: xsct -n -interactive /home/gsc/zynq7000/projects/hardware_design/zed_dma/zed_dma.sdk/temp_xsdb_launch_script.tcl
22:20:42 INFO  : XSCT server has started successfully.
22:20:42 INFO  : Successfully done setting XSCT server connection channel  
22:20:42 INFO  : Successfully done setting SDK workspace  
22:20:42 INFO  : Restoring local repository preferences: 
		 /home/gsc/zynq7000/resources/device_tree/device_tree-generator
22:20:49 INFO  : Registering command handlers for SDK TCF services
22:20:49 INFO  : Processing command line option -hwspec /home/gsc/zynq7000/projects/hardware_design/zed_dma/zed_dma.sdk/dma_wrapper.hdf.
22:20:50 INFO  : Checking for hwspec changes in the project dma_wrapper_hw_platform_0.
22:21:51 INFO  : Invoking Bootgen: bootgen -image FSBL.bif -arch zynq -o /home/gsc/zynq7000/projects/out_zed/binary_generation/BOOT.bin -w on
22:21:51 INFO  : Overwriting existing bif file /home/gsc/zynq7000/projects/out_zed/binary_generation/FSBL.bif
22:21:51 INFO  : Bootgen command execution is done.
11:01:35 INFO  : Launching XSCT server: xsct -n -interactive /home/gsc/zynq7000/projects/hardware_design/zed_dma/zed_dma.sdk/temp_xsdb_launch_script.tcl
11:01:36 INFO  : XSCT server has started successfully.
11:01:36 INFO  : Successfully done setting XSCT server connection channel  
11:01:36 INFO  : Successfully done setting SDK workspace  
11:01:36 INFO  : Restoring local repository preferences: 
		 /home/gsc/zynq7000/resources/device_tree/device_tree-generator
11:01:47 INFO  : Registering command handlers for SDK TCF services
11:01:47 INFO  : Processing command line option -hwspec /home/gsc/zynq7000/projects/hardware_design/zed_dma/zed_dma.sdk/dma_wrapper.hdf.
11:01:49 INFO  : Checking for hwspec changes in the project dma_wrapper_hw_platform_0.
11:03:10 INFO  : Invoking Bootgen: bootgen -image FSBL.bif -arch zynq -o /home/gsc/zynq7000/projects/out_zed/binary_generation/BOOT.bin -w on
11:03:10 INFO  : Overwriting existing bif file /home/gsc/zynq7000/projects/out_zed/binary_generation/FSBL.bif
11:03:11 INFO  : Bootgen command execution is done.
11:19:07 INFO  : Invoking Bootgen: bootgen -image FSBL.bif -arch zynq -o /home/gsc/zynq7000/projects/out_zed/binary_generation/BOOT.bin -w on
11:19:07 INFO  : Overwriting existing bif file /home/gsc/zynq7000/projects/out_zed/binary_generation/FSBL.bif
11:19:08 INFO  : Bootgen command execution is done.
11:34:41 INFO  : Invoking Bootgen: bootgen -image FSBL.bif -arch zynq -o /home/gsc/zynq7000/projects/out_zed/binary_generation/BOOT.bin -w on
11:34:41 INFO  : Overwriting existing bif file /home/gsc/zynq7000/projects/out_zed/binary_generation/FSBL.bif
11:34:41 INFO  : Bootgen command execution is done.
20:13:21 INFO  : Invoking Bootgen: bootgen -image FSBL.bif -arch zynq -o /home/gsc/zynq7000/projects/out_zed/binary_generation/BOOT.bin -w on
20:13:21 INFO  : Overwriting existing bif file /home/gsc/zynq7000/projects/out_zed/binary_generation/FSBL.bif
20:13:22 INFO  : Bootgen command execution is done.
21:25:34 INFO  : SDK has detected change in the last modified timestamps for source hardware specification file Source:1492694709000,  Project:1492606458000
21:25:34 INFO  : Project dma_wrapper_hw_platform_0's source hardware specification located at /home/gsc/zynq7000/projects/hardware_design/zed_dma/zed_dma.sdk/dma_wrapper.hdf is now different from the local copy.
		 The local copy will be replaced with the source specification and your workspace will be updated.
21:25:41 INFO  : Copied contents of /home/gsc/zynq7000/projects/hardware_design/zed_dma/zed_dma.sdk/dma_wrapper.hdf into /dma_wrapper_hw_platform_0/system.hdf.
21:25:55 INFO  : Synchronizing projects in the workspace with the hardware platform specification changes.
21:25:57 INFO  : 
21:25:58 INFO  : Updating hardware inferred compiler options for FSBL.
21:25:58 INFO  : Clearing existing target manager status.
21:26:00 INFO  : Closing and re-opening the MSS file of ther project FSBL_bsp
21:26:01 INFO  : Workspace synchronized with the new hardware specification file. Cleaning dependent projects...
21:26:02 WARN  : Linker script will not be updated automatically. Users need to update it manually.
21:27:03 ERROR : Unexpected error while parsing XMD response ￿: com.google.gson.JsonSyntaxException: com.google.gson.stream.MalformedJsonException: invalid number or unquoted string near 
21:27:19 INFO  : Registering command handlers for SDK TCF services
21:27:20 INFO  : Launching XSCT server: xsct -n -interactive /home/gsc/zynq7000/projects/hardware_design/zed_dma/zed_dma.sdk/temp_xsdb_launch_script.tcl
21:27:21 INFO  : XSCT server has started successfully.
21:27:21 INFO  : Successfully done setting XSCT server connection channel  
21:27:21 INFO  : Successfully done setting SDK workspace  
21:27:21 INFO  : Restoring local repository preferences: 
		 /home/gsc/zynq7000/resources/device_tree/device_tree-generator
21:27:21 INFO  : Processing command line option -hwspec /home/gsc/zynq7000/projects/hardware_design/zed_dma/zed_dma.sdk/dma_wrapper.hdf.
21:31:19 ERROR : Failed to closesw "/home/gsc/zynq7000/projects/hardware_design/zed_dma/zed_dma.sdk/FSBL_bsp/system.mss"
Reason: Cannot close sw design '/home/gsc/zynq7000/projects/hardware_design/zed_dma/zed_dma.sdk/FSBL_bsp/system.mss'.
Design is not opened in the current session.


21:33:46 INFO  : Invoking Bootgen: bootgen -image FSBL.bif -arch zynq -o /home/gsc/zynq7000/projects/out_zed/binary_generation/BOOT.bin -w on
21:33:46 INFO  : Overwriting existing bif file /home/gsc/zynq7000/projects/out_zed/binary_generation/FSBL.bif
21:33:46 INFO  : Bootgen command execution is done.
10:50:28 INFO  : Launching XSCT server: xsct -n -interactive /home/gsc/zynq7000/projects/hardware_design/zed_dma/zed_dma.sdk/temp_xsdb_launch_script.tcl
10:50:29 INFO  : XSCT server has started successfully.
10:50:29 INFO  : Successfully done setting XSCT server connection channel  
10:50:29 INFO  : Successfully done setting SDK workspace  
10:50:29 INFO  : Restoring local repository preferences: 
		 /home/gsc/zynq7000/resources/device_tree/device_tree-generator
10:50:39 INFO  : Registering command handlers for SDK TCF services
10:50:39 INFO  : Processing command line option -hwspec /home/gsc/zynq7000/projects/hardware_design/zed_dma/zed_dma.sdk/dma_wrapper.hdf.
10:50:42 INFO  : Checking for hwspec changes in the project dma_wrapper_hw_platform_0.
10:50:46 INFO  : BSP Project P/device_tree_bsp_0 has been successfully migrated.
10:53:05 INFO  : SDK has detected change in the last modified timestamps for source hardware specification file Source:1492743146000,  Project:1492694709000
10:53:05 INFO  : Project dma_wrapper_hw_platform_0's source hardware specification located at /home/gsc/zynq7000/projects/hardware_design/zed_dma/zed_dma.sdk/dma_wrapper.hdf is now different from the local copy.
		 The local copy will be replaced with the source specification and your workspace will be updated.
10:53:18 INFO  : Copied contents of /home/gsc/zynq7000/projects/hardware_design/zed_dma/zed_dma.sdk/dma_wrapper.hdf into /dma_wrapper_hw_platform_0/system.hdf.
10:53:29 INFO  : Synchronizing projects in the workspace with the hardware platform specification changes.
10:53:30 INFO  : 
10:53:34 INFO  : 
10:53:35 INFO  : Updating hardware inferred compiler options for FSBL.
10:53:35 INFO  : Clearing existing target manager status.
10:54:21 INFO  : Invoking Bootgen: bootgen -image FSBL.bif -arch zynq -o /home/gsc/zynq7000/projects/out_zed/binary_generation/BOOT.bin -w on
10:54:21 INFO  : Overwriting existing bif file /home/gsc/zynq7000/projects/out_zed/binary_generation/FSBL.bif
10:54:22 INFO  : Bootgen command execution is done.
14:33:09 INFO  : Invoking Bootgen: bootgen -image FSBL.bif -arch zynq -o /home/gsc/zynq7000/projects/out_zed/binary_generation/BOOT.bin -w on
14:33:09 INFO  : Overwriting existing bif file /home/gsc/zynq7000/projects/out_zed/binary_generation/FSBL.bif
14:33:09 INFO  : Bootgen command execution is done.
15:04:01 INFO  : Invoking Bootgen: bootgen -image FSBL.bif -arch zynq -o /home/gsc/zynq7000/projects/out_zed/binary_generation/BOOT.bin -w on
15:04:01 INFO  : Overwriting existing bif file /home/gsc/zynq7000/projects/out_zed/binary_generation/FSBL.bif
15:04:01 INFO  : Bootgen command execution is done.
15:33:20 INFO  : Invoking Bootgen: bootgen -image FSBL.bif -arch zynq -o /home/gsc/zynq7000/projects/out_zed/binary_generation/BOOT.bin -w on
15:33:20 INFO  : Overwriting existing bif file /home/gsc/zynq7000/projects/out_zed/binary_generation/FSBL.bif
15:33:21 INFO  : Bootgen command execution is done.
15:56:10 INFO  : SDK has detected change in the last modified timestamps for source hardware specification file Source:1492761354000,  Project:1492743146000
15:56:10 INFO  : Project dma_wrapper_hw_platform_0's source hardware specification located at /home/gsc/zynq7000/projects/hardware_design/zed_dma/zed_dma.sdk/dma_wrapper.hdf is now different from the local copy.
		 The local copy will be replaced with the source specification and your workspace will be updated.
15:56:24 INFO  : Copied contents of /home/gsc/zynq7000/projects/hardware_design/zed_dma/zed_dma.sdk/dma_wrapper.hdf into /dma_wrapper_hw_platform_0/system.hdf.
15:56:29 INFO  : Synchronizing projects in the workspace with the hardware platform specification changes.
15:56:30 INFO  : 
15:56:34 INFO  : 
15:56:35 INFO  : Updating hardware inferred compiler options for FSBL.
15:56:35 INFO  : Clearing existing target manager status.
15:57:45 ERROR : Unexpected error while parsing XMD response ￿: com.google.gson.JsonSyntaxException: com.google.gson.stream.MalformedJsonException: invalid number or unquoted string near 
15:58:02 INFO  : Registering command handlers for SDK TCF services
15:58:02 INFO  : Launching XSCT server: xsct -n -interactive /home/gsc/zynq7000/projects/hardware_design/zed_dma/zed_dma.sdk/temp_xsdb_launch_script.tcl
15:58:03 INFO  : XSCT server has started successfully.
15:58:03 INFO  : Successfully done setting XSCT server connection channel  
15:58:03 INFO  : Successfully done setting SDK workspace  
15:58:03 INFO  : Restoring local repository preferences: 
		 /home/gsc/zynq7000/resources/device_tree/device_tree-generator
15:58:03 INFO  : Processing command line option -hwspec /home/gsc/zynq7000/projects/hardware_design/zed_dma/zed_dma.sdk/dma_wrapper.hdf.
16:02:36 INFO  : Invoking Bootgen: bootgen -image FSBL.bif -arch zynq -o /home/gsc/zynq7000/projects/out_zed/binary_generation/BOOT.bin -w on
16:02:36 INFO  : Overwriting existing bif file /home/gsc/zynq7000/projects/out_zed/binary_generation/FSBL.bif
16:02:37 INFO  : Bootgen command execution is done.
16:15:35 INFO  : SDK has detected change in the last modified timestamps for source hardware specification file Source:1492762493000,  Project:1492761354000
16:15:35 INFO  : Project dma_wrapper_hw_platform_0's source hardware specification located at /home/gsc/zynq7000/projects/hardware_design/zed_dma/zed_dma.sdk/dma_wrapper.hdf is now different from the local copy.
		 The local copy will be replaced with the source specification and your workspace will be updated.
16:15:44 INFO  : Copied contents of /home/gsc/zynq7000/projects/hardware_design/zed_dma/zed_dma.sdk/dma_wrapper.hdf into /dma_wrapper_hw_platform_0/system.hdf.
16:15:48 INFO  : Synchronizing projects in the workspace with the hardware platform specification changes.
16:15:49 INFO  : 
16:15:53 INFO  : 
16:15:54 INFO  : Updating hardware inferred compiler options for FSBL.
16:15:54 INFO  : Clearing existing target manager status.
16:15:56 INFO  : Closing and re-opening the MSS file of ther project device_tree_bsp_0
16:15:57 INFO  : Closing and re-opening the MSS file of ther project FSBL_bsp
16:15:58 INFO  : Workspace synchronized with the new hardware specification file. Cleaning dependent projects...
16:15:59 WARN  : Linker script will not be updated automatically. Users need to update it manually.
16:16:50 ERROR : Unexpected error while parsing XMD response ￿: com.google.gson.JsonSyntaxException: com.google.gson.stream.MalformedJsonException: invalid number or unquoted string near 
16:17:15 INFO  : Registering command handlers for SDK TCF services
16:17:15 INFO  : Launching XSCT server: xsct -n -interactive /home/gsc/zynq7000/projects/hardware_design/zed_dma/zed_dma.sdk/temp_xsdb_launch_script.tcl
16:17:16 INFO  : XSCT server has started successfully.
16:17:16 INFO  : Successfully done setting XSCT server connection channel  
16:17:16 INFO  : Successfully done setting SDK workspace  
16:17:16 INFO  : Restoring local repository preferences: 
		 /home/gsc/zynq7000/resources/device_tree/device_tree-generator
16:17:16 INFO  : Processing command line option -hwspec /home/gsc/zynq7000/projects/hardware_design/zed_dma/zed_dma.sdk/dma_wrapper.hdf.
16:22:27 INFO  : Invoking Bootgen: bootgen -image FSBL.bif -arch zynq -o /home/gsc/zynq7000/projects/out_zed/binary_generation/BOOT.bin -w on
16:22:27 INFO  : Overwriting existing bif file /home/gsc/zynq7000/projects/out_zed/binary_generation/FSBL.bif
16:22:27 INFO  : Bootgen command execution is done.
16:26:45 INFO  : Invoking Bootgen: bootgen -image FSBL.bif -arch zynq -o /home/gsc/zynq7000/projects/out_zed/binary_generation/BOOT.bin -w on
16:26:45 INFO  : Overwriting existing bif file /home/gsc/zynq7000/projects/out_zed/binary_generation/FSBL.bif
16:26:46 INFO  : Bootgen command execution is done.
16:49:41 INFO  : Invoking Bootgen: bootgen -image FSBL.bif -arch zynq -o /home/gsc/zynq7000/projects/out_zed/binary_generation/BOOT.bin -w on
16:49:41 INFO  : Overwriting existing bif file /home/gsc/zynq7000/projects/out_zed/binary_generation/FSBL.bif
16:49:42 INFO  : Bootgen command execution is done.
17:06:00 INFO  : Invoking Bootgen: bootgen -image FSBL.bif -arch zynq -o /home/gsc/zynq7000/projects/out_zed/binary_generation/BOOT.bin -w on
17:06:00 INFO  : Overwriting existing bif file /home/gsc/zynq7000/projects/out_zed/binary_generation/FSBL.bif
17:06:00 INFO  : Bootgen command execution is done.
17:16:50 INFO  : Invoking Bootgen: bootgen -image FSBL.bif -arch zynq -o /home/gsc/zynq7000/projects/binary_generation/BOOT.bin
17:16:50 INFO  : Overwriting existing bif file /home/gsc/zynq7000/projects/binary_generation/FSBL.bif
17:16:51 INFO  : Bootgen command execution is done.
17:27:56 INFO  : Invoking Bootgen: bootgen -image FSBL.bif -arch zynq -o /home/gsc/zynq7000/projects/out_zed/binary_generation/BOOT.bin -w on
17:27:56 INFO  : Overwriting existing bif file /home/gsc/zynq7000/projects/out_zed/binary_generation/FSBL.bif
17:27:56 INFO  : Bootgen command execution is done.
19:37:13 INFO  : Launching XSCT server: xsct -n -interactive /home/gsc/zynq7000/projects/hardware_design/zed_dma/zed_dma.sdk/temp_xsdb_launch_script.tcl
19:37:14 INFO  : XSCT server has started successfully.
19:37:15 INFO  : Successfully done setting XSCT server connection channel  
19:37:15 INFO  : Successfully done setting SDK workspace  
19:37:15 INFO  : Restoring local repository preferences: 
		 /home/gsc/zynq7000/resources/device_tree/device_tree-generator
19:37:21 INFO  : Registering command handlers for SDK TCF services
19:37:21 INFO  : Processing command line option -hwspec /home/gsc/zynq7000/projects/hardware_design/zed_dma/zed_dma.sdk/dma_wrapper.hdf.
19:37:22 INFO  : Checking for hwspec changes in the project dma_wrapper_hw_platform_0.
19:37:26 INFO  : BSP Project P/device_tree_bsp_0 has been successfully migrated.
19:39:10 INFO  : Invoking Bootgen: bootgen -image FSBL.bif -arch zynq -o /home/gsc/zynq7000/projects/out_zed/binary_generation/BOOT.bin -w on
19:39:10 INFO  : Overwriting existing bif file /home/gsc/zynq7000/projects/out_zed/binary_generation/FSBL.bif
19:39:11 INFO  : Bootgen command execution is done.
