
*** Running vivado
    with args -log dma_xlconcat_0_0.vds -m64 -product Vivado -mode batch -messageDb vivado.pb -notrace -source dma_xlconcat_0_0.tcl


****** Vivado v2016.4 (64-bit)
  **** SW Build 1756540 on Mon Jan 23 19:11:19 MST 2017
  **** IP Build 1755317 on Mon Jan 23 20:30:07 MST 2017
    ** Copyright 1986-2016 Xilinx, Inc. All Rights Reserved.

source dma_xlconcat_0_0.tcl -notrace
Starting RTL Elaboration : Time (s): cpu = 00:00:09 ; elapsed = 00:00:09 . Memory (MB): peak = 1071.648 ; gain = 134.082 ; free physical = 150 ; free virtual = 10715
INFO: [Synth 8-638] synthesizing module 'dma_xlconcat_0_0' [/home/gsc/zynq7000/projects/hardware_design/zed_dma/zed_dma.srcs/sources_1/bd/dma/ip/dma_xlconcat_0_0/synth/dma_xlconcat_0_0.v:58]
INFO: [Synth 8-638] synthesizing module 'xlconcat' [/home/gsc/zynq7000/projects/hardware_design/zed_dma/zed_dma.srcs/sources_1/bd/dma/ipshared/2e37/xlconcat.v:14]
INFO: [Synth 8-256] done synthesizing module 'xlconcat' (1#1) [/home/gsc/zynq7000/projects/hardware_design/zed_dma/zed_dma.srcs/sources_1/bd/dma/ipshared/2e37/xlconcat.v:14]
INFO: [Synth 8-256] done synthesizing module 'dma_xlconcat_0_0' (2#1) [/home/gsc/zynq7000/projects/hardware_design/zed_dma/zed_dma.srcs/sources_1/bd/dma/ip/dma_xlconcat_0_0/synth/dma_xlconcat_0_0.v:58]
Finished RTL Elaboration : Time (s): cpu = 00:00:09 ; elapsed = 00:00:09 . Memory (MB): peak = 1113.125 ; gain = 175.559 ; free physical = 137 ; free virtual = 10650
Finished RTL Optimization Phase 1 : Time (s): cpu = 00:00:09 ; elapsed = 00:00:10 . Memory (MB): peak = 1113.125 ; gain = 175.559 ; free physical = 135 ; free virtual = 10648
INFO: [Device 21-403] Loading part xc7z020clg484-1
Constraint Validation Runtime : Time (s): cpu = 00:00:00.01 ; elapsed = 00:00:00.01 . Memory (MB): peak = 1356.695 ; gain = 0.000 ; free physical = 145 ; free virtual = 10311
Finished Constraint Validation : Time (s): cpu = 00:00:20 ; elapsed = 00:00:20 . Memory (MB): peak = 1356.695 ; gain = 419.129 ; free physical = 116 ; free virtual = 10069
Finished Loading Part and Timing Information : Time (s): cpu = 00:00:20 ; elapsed = 00:00:20 . Memory (MB): peak = 1356.695 ; gain = 419.129 ; free physical = 116 ; free virtual = 10069
Finished applying 'set_property' XDC Constraints : Time (s): cpu = 00:00:20 ; elapsed = 00:00:20 . Memory (MB): peak = 1356.695 ; gain = 419.129 ; free physical = 116 ; free virtual = 10069
Finished RTL Optimization Phase 2 : Time (s): cpu = 00:00:20 ; elapsed = 00:00:20 . Memory (MB): peak = 1356.695 ; gain = 419.129 ; free physical = 116 ; free virtual = 10069
Finished Cross Boundary and Area Optimization : Time (s): cpu = 00:00:20 ; elapsed = 00:00:21 . Memory (MB): peak = 1356.695 ; gain = 419.129 ; free physical = 116 ; free virtual = 10069
Finished Applying XDC Timing Constraints : Time (s): cpu = 00:00:29 ; elapsed = 00:00:30 . Memory (MB): peak = 1395.695 ; gain = 458.129 ; free physical = 139 ; free virtual = 9966
Finished Timing Optimization : Time (s): cpu = 00:00:29 ; elapsed = 00:00:30 . Memory (MB): peak = 1395.695 ; gain = 458.129 ; free physical = 139 ; free virtual = 9966
Finished Technology Mapping : Time (s): cpu = 00:00:29 ; elapsed = 00:00:30 . Memory (MB): peak = 1405.707 ; gain = 468.141 ; free physical = 130 ; free virtual = 9957
Finished IO Insertion : Time (s): cpu = 00:00:29 ; elapsed = 00:00:30 . Memory (MB): peak = 1405.711 ; gain = 468.145 ; free physical = 140 ; free virtual = 9957
Finished Renaming Generated Instances : Time (s): cpu = 00:00:29 ; elapsed = 00:00:30 . Memory (MB): peak = 1405.711 ; gain = 468.145 ; free physical = 140 ; free virtual = 9957
Finished Rebuilding User Hierarchy : Time (s): cpu = 00:00:30 ; elapsed = 00:00:30 . Memory (MB): peak = 1405.711 ; gain = 468.145 ; free physical = 140 ; free virtual = 9957
Finished Renaming Generated Ports : Time (s): cpu = 00:00:30 ; elapsed = 00:00:30 . Memory (MB): peak = 1405.711 ; gain = 468.145 ; free physical = 140 ; free virtual = 9957
Finished Handling Custom Attributes : Time (s): cpu = 00:00:30 ; elapsed = 00:00:30 . Memory (MB): peak = 1405.711 ; gain = 468.145 ; free physical = 139 ; free virtual = 9957
Finished Renaming Generated Nets : Time (s): cpu = 00:00:30 ; elapsed = 00:00:30 . Memory (MB): peak = 1405.711 ; gain = 468.145 ; free physical = 139 ; free virtual = 9957

Report Cell Usage: 
+-+-----+------+
| |Cell |Count |
+-+-----+------+
+-+-----+------+
Finished Writing Synthesis Report : Time (s): cpu = 00:00:30 ; elapsed = 00:00:30 . Memory (MB): peak = 1405.711 ; gain = 468.145 ; free physical = 139 ; free virtual = 9957
synth_design: Time (s): cpu = 00:00:28 ; elapsed = 00:00:28 . Memory (MB): peak = 1410.711 ; gain = 405.641 ; free physical = 136 ; free virtual = 9953
