
*** Running vivado
    with args -log dma_blk_mem_gen_0_0.vds -m64 -product Vivado -mode batch -messageDb vivado.pb -notrace -source dma_blk_mem_gen_0_0.tcl


****** Vivado v2016.4 (64-bit)
  **** SW Build 1756540 on Mon Jan 23 19:11:19 MST 2017
  **** IP Build 1755317 on Mon Jan 23 20:30:07 MST 2017
    ** Copyright 1986-2016 Xilinx, Inc. All Rights Reserved.

source dma_blk_mem_gen_0_0.tcl -notrace
Starting RTL Elaboration : Time (s): cpu = 00:00:11 ; elapsed = 00:00:16 . Memory (MB): peak = 1068.652 ; gain = 131.086 ; free physical = 1782 ; free virtual = 12374
INFO: [Synth 8-638] synthesizing module 'dma_blk_mem_gen_0_0' [/home/gsc/zynq7000/projects/hardware_design/zed_dma/zed_dma.srcs/sources_1/bd/dma/ip/dma_blk_mem_gen_0_0/synth/dma_blk_mem_gen_0_0.vhd:71]
INFO: [Synth 8-256] done synthesizing module 'dma_blk_mem_gen_0_0' (9#1) [/home/gsc/zynq7000/projects/hardware_design/zed_dma/zed_dma.srcs/sources_1/bd/dma/ip/dma_blk_mem_gen_0_0/synth/dma_blk_mem_gen_0_0.vhd:71]
Finished RTL Elaboration : Time (s): cpu = 00:01:28 ; elapsed = 00:02:00 . Memory (MB): peak = 1268.328 ; gain = 330.762 ; free physical = 1117 ; free virtual = 11820
Finished RTL Optimization Phase 1 : Time (s): cpu = 00:01:28 ; elapsed = 00:02:00 . Memory (MB): peak = 1268.328 ; gain = 330.762 ; free physical = 1117 ; free virtual = 11820
INFO: [Device 21-403] Loading part xc7z020clg484-1
Constraint Validation Runtime : Time (s): cpu = 00:00:00.02 ; elapsed = 00:00:00.02 . Memory (MB): peak = 1384.188 ; gain = 0.004 ; free physical = 1079 ; free virtual = 11761
Finished Constraint Validation : Time (s): cpu = 00:01:45 ; elapsed = 00:02:18 . Memory (MB): peak = 1384.188 ; gain = 446.621 ; free physical = 1038 ; free virtual = 11721
Finished Loading Part and Timing Information : Time (s): cpu = 00:01:46 ; elapsed = 00:02:18 . Memory (MB): peak = 1384.188 ; gain = 446.621 ; free physical = 1038 ; free virtual = 11721
Finished applying 'set_property' XDC Constraints : Time (s): cpu = 00:01:46 ; elapsed = 00:02:18 . Memory (MB): peak = 1384.188 ; gain = 446.621 ; free physical = 1038 ; free virtual = 11721
Finished RTL Optimization Phase 2 : Time (s): cpu = 00:01:46 ; elapsed = 00:02:18 . Memory (MB): peak = 1384.188 ; gain = 446.621 ; free physical = 1030 ; free virtual = 11713
Finished Cross Boundary and Area Optimization : Time (s): cpu = 00:01:46 ; elapsed = 00:02:19 . Memory (MB): peak = 1384.188 ; gain = 446.621 ; free physical = 1020 ; free virtual = 11703
Finished Applying XDC Timing Constraints : Time (s): cpu = 00:02:01 ; elapsed = 00:02:34 . Memory (MB): peak = 1408.184 ; gain = 470.617 ; free physical = 1907 ; free virtual = 12598
Finished Timing Optimization : Time (s): cpu = 00:02:01 ; elapsed = 00:02:34 . Memory (MB): peak = 1408.184 ; gain = 470.617 ; free physical = 1907 ; free virtual = 12597
Finished Technology Mapping : Time (s): cpu = 00:02:01 ; elapsed = 00:02:34 . Memory (MB): peak = 1418.207 ; gain = 480.641 ; free physical = 1898 ; free virtual = 12588
Finished IO Insertion : Time (s): cpu = 00:02:02 ; elapsed = 00:02:35 . Memory (MB): peak = 1418.211 ; gain = 480.645 ; free physical = 1892 ; free virtual = 12583
Finished Renaming Generated Instances : Time (s): cpu = 00:02:02 ; elapsed = 00:02:35 . Memory (MB): peak = 1418.211 ; gain = 480.645 ; free physical = 1892 ; free virtual = 12583
Finished Rebuilding User Hierarchy : Time (s): cpu = 00:02:02 ; elapsed = 00:02:35 . Memory (MB): peak = 1418.211 ; gain = 480.645 ; free physical = 1892 ; free virtual = 12583
Finished Renaming Generated Ports : Time (s): cpu = 00:02:02 ; elapsed = 00:02:35 . Memory (MB): peak = 1418.211 ; gain = 480.645 ; free physical = 1892 ; free virtual = 12583
Finished Handling Custom Attributes : Time (s): cpu = 00:02:02 ; elapsed = 00:02:35 . Memory (MB): peak = 1418.211 ; gain = 480.645 ; free physical = 1892 ; free virtual = 12582
Finished Renaming Generated Nets : Time (s): cpu = 00:02:02 ; elapsed = 00:02:35 . Memory (MB): peak = 1418.211 ; gain = 480.645 ; free physical = 1892 ; free virtual = 12582

Report Cell Usage: 
+------+---------+------+
|      |Cell     |Count |
+------+---------+------+
|1     |RAMB36E1 |     2|
+------+---------+------+
Finished Writing Synthesis Report : Time (s): cpu = 00:02:02 ; elapsed = 00:02:35 . Memory (MB): peak = 1418.211 ; gain = 480.645 ; free physical = 1892 ; free virtual = 12582
synth_design: Time (s): cpu = 00:02:01 ; elapsed = 00:02:33 . Memory (MB): peak = 1434.727 ; gain = 429.656 ; free physical = 1866 ; free virtual = 12556
