
*** Running vivado
    with args -log dma_auto_pc_0.vds -m64 -product Vivado -mode batch -messageDb vivado.pb -notrace -source dma_auto_pc_0.tcl


****** Vivado v2016.4 (64-bit)
  **** SW Build 1756540 on Mon Jan 23 19:11:19 MST 2017
  **** IP Build 1755317 on Mon Jan 23 20:30:07 MST 2017
    ** Copyright 1986-2016 Xilinx, Inc. All Rights Reserved.

source dma_auto_pc_0.tcl -notrace
Starting RTL Elaboration : Time (s): cpu = 00:00:13 ; elapsed = 00:00:14 . Memory (MB): peak = 1084.652 ; gain = 147.086 ; free physical = 273 ; free virtual = 10368
INFO: [Synth 8-638] synthesizing module 'dma_auto_pc_0' [/home/gsc/zynq7000/projects/hardware_design/zed_dma/zed_dma.srcs/sources_1/bd/dma/ip/dma_auto_pc_0/synth/dma_auto_pc_0.v:58]
INFO: [Synth 8-638] synthesizing module 'axi_protocol_converter_v2_1_11_axi_protocol_converter' [/home/gsc/zynq7000/projects/hardware_design/zed_dma/zed_dma.srcs/sources_1/bd/dma/ipshared/df1b/hdl/axi_protocol_converter_v2_1_vl_rfs.v:4806]
INFO: [Synth 8-638] synthesizing module 'axi_protocol_converter_v2_1_11_axi3_conv' [/home/gsc/zynq7000/projects/hardware_design/zed_dma/zed_dma.srcs/sources_1/bd/dma/ipshared/df1b/hdl/axi_protocol_converter_v2_1_vl_rfs.v:954]
INFO: [Synth 8-638] synthesizing module 'axi_protocol_converter_v2_1_11_b_downsizer' [/home/gsc/zynq7000/projects/hardware_design/zed_dma/zed_dma.srcs/sources_1/bd/dma/ipshared/df1b/hdl/axi_protocol_converter_v2_1_vl_rfs.v:2276]
INFO: [Synth 8-256] done synthesizing module 'axi_protocol_converter_v2_1_11_b_downsizer' (1#1) [/home/gsc/zynq7000/projects/hardware_design/zed_dma/zed_dma.srcs/sources_1/bd/dma/ipshared/df1b/hdl/axi_protocol_converter_v2_1_vl_rfs.v:2276]
INFO: [Synth 8-638] synthesizing module 'axi_protocol_converter_v2_1_11_a_axi3_conv' [/home/gsc/zynq7000/projects/hardware_design/zed_dma/zed_dma.srcs/sources_1/bd/dma/ipshared/df1b/hdl/axi_protocol_converter_v2_1_vl_rfs.v:62]
INFO: [Synth 8-638] synthesizing module 'axi_data_fifo_v2_1_10_axic_fifo' [/home/gsc/zynq7000/projects/hardware_design/zed_dma/zed_dma.srcs/sources_1/bd/dma/ipshared/39ba/hdl/axi_data_fifo_v2_1_vl_rfs.v:64]
INFO: [Synth 8-638] synthesizing module 'axi_data_fifo_v2_1_10_fifo_gen' [/home/gsc/zynq7000/projects/hardware_design/zed_dma/zed_dma.srcs/sources_1/bd/dma/ipshared/39ba/hdl/axi_data_fifo_v2_1_vl_rfs.v:168]
INFO: [Synth 8-256] done synthesizing module 'axi_data_fifo_v2_1_10_fifo_gen' (20#1) [/home/gsc/zynq7000/projects/hardware_design/zed_dma/zed_dma.srcs/sources_1/bd/dma/ipshared/39ba/hdl/axi_data_fifo_v2_1_vl_rfs.v:168]
INFO: [Synth 8-256] done synthesizing module 'axi_data_fifo_v2_1_10_axic_fifo' (21#1) [/home/gsc/zynq7000/projects/hardware_design/zed_dma/zed_dma.srcs/sources_1/bd/dma/ipshared/39ba/hdl/axi_data_fifo_v2_1_vl_rfs.v:64]
INFO: [Synth 8-256] done synthesizing module 'axi_protocol_converter_v2_1_11_a_axi3_conv' (22#1) [/home/gsc/zynq7000/projects/hardware_design/zed_dma/zed_dma.srcs/sources_1/bd/dma/ipshared/df1b/hdl/axi_protocol_converter_v2_1_vl_rfs.v:62]
INFO: [Synth 8-638] synthesizing module 'axi_protocol_converter_v2_1_11_w_axi3_conv' [/home/gsc/zynq7000/projects/hardware_design/zed_dma/zed_dma.srcs/sources_1/bd/dma/ipshared/df1b/hdl/axi_protocol_converter_v2_1_vl_rfs.v:2004]
INFO: [Synth 8-256] done synthesizing module 'axi_protocol_converter_v2_1_11_w_axi3_conv' (23#1) [/home/gsc/zynq7000/projects/hardware_design/zed_dma/zed_dma.srcs/sources_1/bd/dma/ipshared/df1b/hdl/axi_protocol_converter_v2_1_vl_rfs.v:2004]
INFO: [Synth 8-256] done synthesizing module 'axi_protocol_converter_v2_1_11_axi3_conv' (24#1) [/home/gsc/zynq7000/projects/hardware_design/zed_dma/zed_dma.srcs/sources_1/bd/dma/ipshared/df1b/hdl/axi_protocol_converter_v2_1_vl_rfs.v:954]
INFO: [Synth 8-256] done synthesizing module 'axi_protocol_converter_v2_1_11_axi_protocol_converter' (25#1) [/home/gsc/zynq7000/projects/hardware_design/zed_dma/zed_dma.srcs/sources_1/bd/dma/ipshared/df1b/hdl/axi_protocol_converter_v2_1_vl_rfs.v:4806]
INFO: [Synth 8-256] done synthesizing module 'dma_auto_pc_0' (26#1) [/home/gsc/zynq7000/projects/hardware_design/zed_dma/zed_dma.srcs/sources_1/bd/dma/ip/dma_auto_pc_0/synth/dma_auto_pc_0.v:58]
Finished RTL Elaboration : Time (s): cpu = 00:00:56 ; elapsed = 00:01:00 . Memory (MB): peak = 1206.125 ; gain = 268.559 ; free physical = 131 ; free virtual = 9582
Finished RTL Optimization Phase 1 : Time (s): cpu = 00:00:56 ; elapsed = 00:01:00 . Memory (MB): peak = 1206.125 ; gain = 268.559 ; free physical = 132 ; free virtual = 9583
INFO: [Device 21-403] Loading part xc7z020clg484-1
Constraint Validation Runtime : Time (s): cpu = 00:00:00.05 ; elapsed = 00:00:00.06 . Memory (MB): peak = 1471.984 ; gain = 0.004 ; free physical = 848 ; free virtual = 10203
Finished Constraint Validation : Time (s): cpu = 00:01:12 ; elapsed = 00:01:18 . Memory (MB): peak = 1471.984 ; gain = 534.418 ; free physical = 851 ; free virtual = 10212
Finished Loading Part and Timing Information : Time (s): cpu = 00:01:12 ; elapsed = 00:01:18 . Memory (MB): peak = 1471.984 ; gain = 534.418 ; free physical = 851 ; free virtual = 10212
Finished applying 'set_property' XDC Constraints : Time (s): cpu = 00:01:12 ; elapsed = 00:01:18 . Memory (MB): peak = 1471.984 ; gain = 534.418 ; free physical = 851 ; free virtual = 10212
Finished RTL Optimization Phase 2 : Time (s): cpu = 00:01:13 ; elapsed = 00:01:19 . Memory (MB): peak = 1471.984 ; gain = 534.418 ; free physical = 839 ; free virtual = 10200
Finished Cross Boundary and Area Optimization : Time (s): cpu = 00:01:16 ; elapsed = 00:01:22 . Memory (MB): peak = 1471.988 ; gain = 534.422 ; free physical = 826 ; free virtual = 10190
---------------------------------------------------------------------------------
Start ROM, RAM, DSP and Shift Register Reporting
---------------------------------------------------------------------------------

Distributed RAM: Preliminary Mapping  Report (see note below)
+-----------------------+-------------------------------------------------------------------------------+----------------+----------------------+--------------+
|Module Name            | RTL Object                                                                    | Inference      | Size (Depth x Width) | Primitives   | 
+-----------------------+-------------------------------------------------------------------------------+----------------+----------------------+--------------+
|fifo_generator_v13_1_3 | inst_fifo_gen/gconvfifo.rf/grf.rf/gntv_or_sync_fifo.mem/gdm.dm_gen.dm/RAM_reg | User Attribute | 32 x 5               | RAM32M x 1   | 
|fifo_generator_v13_1_3 | inst_fifo_gen/gconvfifo.rf/grf.rf/gntv_or_sync_fifo.mem/gdm.dm_gen.dm/RAM_reg | User Attribute | 32 x 5               | RAM32M x 1   | 
+-----------------------+-------------------------------------------------------------------------------+----------------+----------------------+--------------+

Note: The table above is a preliminary report that shows the Distributed RAMs at the current stage of the synthesis flow. Some Distributed RAMs may be reimplemented as non Distributed RAM primitives later in the synthesis flow. Multiple instantiated RAMs are reported only once.
---------------------------------------------------------------------------------
Finished ROM, RAM, DSP and Shift Register Reporting
---------------------------------------------------------------------------------
Finished Applying XDC Timing Constraints : Time (s): cpu = 00:01:28 ; elapsed = 00:01:34 . Memory (MB): peak = 1471.988 ; gain = 534.422 ; free physical = 789 ; free virtual = 10152
Finished Timing Optimization : Time (s): cpu = 00:01:29 ; elapsed = 00:01:35 . Memory (MB): peak = 1471.988 ; gain = 534.422 ; free physical = 774 ; free virtual = 10138
Finished Technology Mapping : Time (s): cpu = 00:01:30 ; elapsed = 00:01:36 . Memory (MB): peak = 1471.988 ; gain = 534.422 ; free physical = 764 ; free virtual = 10128
Finished IO Insertion : Time (s): cpu = 00:01:31 ; elapsed = 00:01:37 . Memory (MB): peak = 1471.988 ; gain = 534.422 ; free physical = 763 ; free virtual = 10127
Finished Renaming Generated Instances : Time (s): cpu = 00:01:31 ; elapsed = 00:01:37 . Memory (MB): peak = 1471.988 ; gain = 534.422 ; free physical = 763 ; free virtual = 10127
Finished Rebuilding User Hierarchy : Time (s): cpu = 00:01:31 ; elapsed = 00:01:37 . Memory (MB): peak = 1471.988 ; gain = 534.422 ; free physical = 763 ; free virtual = 10127
Finished Renaming Generated Ports : Time (s): cpu = 00:01:31 ; elapsed = 00:01:37 . Memory (MB): peak = 1471.988 ; gain = 534.422 ; free physical = 763 ; free virtual = 10127
Finished Handling Custom Attributes : Time (s): cpu = 00:01:31 ; elapsed = 00:01:37 . Memory (MB): peak = 1471.988 ; gain = 534.422 ; free physical = 763 ; free virtual = 10127
Finished Renaming Generated Nets : Time (s): cpu = 00:01:31 ; elapsed = 00:01:37 . Memory (MB): peak = 1471.988 ; gain = 534.422 ; free physical = 763 ; free virtual = 10127

Report Cell Usage: 
+------+-------+------+
|      |Cell   |Count |
+------+-------+------+
|1     |CARRY4 |     8|
|2     |LUT1   |    13|
|3     |LUT2   |    30|
|4     |LUT3   |    33|
|5     |LUT4   |    42|
|6     |LUT5   |    85|
|7     |LUT6   |    51|
|8     |RAM32M |     2|
|9     |FDCE   |    46|
|10    |FDPE   |    42|
|11    |FDRE   |   191|
|12    |FDSE   |     4|
+------+-------+------+
Finished Writing Synthesis Report : Time (s): cpu = 00:01:31 ; elapsed = 00:01:37 . Memory (MB): peak = 1471.988 ; gain = 534.422 ; free physical = 763 ; free virtual = 10127
synth_design: Time (s): cpu = 00:01:29 ; elapsed = 00:01:35 . Memory (MB): peak = 1471.988 ; gain = 466.918 ; free physical = 757 ; free virtual = 10121
