
*** Running vivado
    with args -log dma_auto_pc_3.vds -m64 -product Vivado -mode batch -messageDb vivado.pb -notrace -source dma_auto_pc_3.tcl


****** Vivado v2016.4 (64-bit)
  **** SW Build 1756540 on Mon Jan 23 19:11:19 MST 2017
  **** IP Build 1755317 on Mon Jan 23 20:30:07 MST 2017
    ** Copyright 1986-2016 Xilinx, Inc. All Rights Reserved.

source dma_auto_pc_3.tcl -notrace
Starting RTL Elaboration : Time (s): cpu = 00:00:12 ; elapsed = 00:00:14 . Memory (MB): peak = 1075.648 ; gain = 138.086 ; free physical = 1011 ; free virtual = 11769
INFO: [Synth 8-638] synthesizing module 'dma_auto_pc_3' [/home/gsc/zynq7000/projects/hardware_design/zed_dma/zed_dma.srcs/sources_1/bd/dma/ip/dma_auto_pc_3/synth/dma_auto_pc_3.v:58]
INFO: [Synth 8-638] synthesizing module 'axi_protocol_converter_v2_1_11_axi_protocol_converter' [/home/gsc/zynq7000/projects/hardware_design/zed_dma/zed_dma.srcs/sources_1/bd/dma/ipshared/df1b/hdl/axi_protocol_converter_v2_1_vl_rfs.v:4806]
INFO: [Synth 8-256] done synthesizing module 'axi_protocol_converter_v2_1_11_axi_protocol_converter' (1#1) [/home/gsc/zynq7000/projects/hardware_design/zed_dma/zed_dma.srcs/sources_1/bd/dma/ipshared/df1b/hdl/axi_protocol_converter_v2_1_vl_rfs.v:4806]
INFO: [Synth 8-256] done synthesizing module 'dma_auto_pc_3' (2#1) [/home/gsc/zynq7000/projects/hardware_design/zed_dma/zed_dma.srcs/sources_1/bd/dma/ip/dma_auto_pc_3/synth/dma_auto_pc_3.v:58]
Finished RTL Elaboration : Time (s): cpu = 00:00:55 ; elapsed = 00:01:00 . Memory (MB): peak = 1197.121 ; gain = 259.559 ; free physical = 1068 ; free virtual = 11817
Finished RTL Optimization Phase 1 : Time (s): cpu = 00:00:55 ; elapsed = 00:01:00 . Memory (MB): peak = 1197.121 ; gain = 259.559 ; free physical = 1068 ; free virtual = 11816
INFO: [Device 21-403] Loading part xc7z020clg484-1
Constraint Validation Runtime : Time (s): cpu = 00:00:00.03 ; elapsed = 00:00:00.05 . Memory (MB): peak = 1364.980 ; gain = 0.004 ; free physical = 817 ; free virtual = 11564
Finished Constraint Validation : Time (s): cpu = 00:01:10 ; elapsed = 00:01:16 . Memory (MB): peak = 1364.980 ; gain = 427.418 ; free physical = 1393 ; free virtual = 12154
Finished Loading Part and Timing Information : Time (s): cpu = 00:01:10 ; elapsed = 00:01:16 . Memory (MB): peak = 1364.980 ; gain = 427.418 ; free physical = 1393 ; free virtual = 12154
Finished applying 'set_property' XDC Constraints : Time (s): cpu = 00:01:10 ; elapsed = 00:01:16 . Memory (MB): peak = 1364.980 ; gain = 427.418 ; free physical = 1393 ; free virtual = 12154
Finished RTL Optimization Phase 2 : Time (s): cpu = 00:01:10 ; elapsed = 00:01:16 . Memory (MB): peak = 1364.980 ; gain = 427.418 ; free physical = 1392 ; free virtual = 12154
Finished Cross Boundary and Area Optimization : Time (s): cpu = 00:01:10 ; elapsed = 00:01:17 . Memory (MB): peak = 1364.980 ; gain = 427.418 ; free physical = 1391 ; free virtual = 12154
Finished Applying XDC Timing Constraints : Time (s): cpu = 00:01:19 ; elapsed = 00:01:26 . Memory (MB): peak = 1398.980 ; gain = 461.418 ; free physical = 1934 ; free virtual = 12707
Finished Timing Optimization : Time (s): cpu = 00:01:19 ; elapsed = 00:01:26 . Memory (MB): peak = 1398.980 ; gain = 461.418 ; free physical = 1933 ; free virtual = 12707
Finished Technology Mapping : Time (s): cpu = 00:01:19 ; elapsed = 00:01:26 . Memory (MB): peak = 1408.992 ; gain = 471.430 ; free physical = 1924 ; free virtual = 12698
Finished IO Insertion : Time (s): cpu = 00:01:20 ; elapsed = 00:01:26 . Memory (MB): peak = 1408.996 ; gain = 471.434 ; free physical = 1923 ; free virtual = 12697
Finished Renaming Generated Instances : Time (s): cpu = 00:01:20 ; elapsed = 00:01:26 . Memory (MB): peak = 1408.996 ; gain = 471.434 ; free physical = 1923 ; free virtual = 12697
Finished Rebuilding User Hierarchy : Time (s): cpu = 00:01:20 ; elapsed = 00:01:26 . Memory (MB): peak = 1408.996 ; gain = 471.434 ; free physical = 1923 ; free virtual = 12697
Finished Renaming Generated Ports : Time (s): cpu = 00:01:20 ; elapsed = 00:01:26 . Memory (MB): peak = 1408.996 ; gain = 471.434 ; free physical = 1923 ; free virtual = 12697
Finished Handling Custom Attributes : Time (s): cpu = 00:01:20 ; elapsed = 00:01:26 . Memory (MB): peak = 1408.996 ; gain = 471.434 ; free physical = 1923 ; free virtual = 12697
Finished Renaming Generated Nets : Time (s): cpu = 00:01:20 ; elapsed = 00:01:26 . Memory (MB): peak = 1408.996 ; gain = 471.434 ; free physical = 1923 ; free virtual = 12697

Report Cell Usage: 
+-+-----+------+
| |Cell |Count |
+-+-----+------+
+-+-----+------+
Finished Writing Synthesis Report : Time (s): cpu = 00:01:20 ; elapsed = 00:01:26 . Memory (MB): peak = 1408.996 ; gain = 471.434 ; free physical = 1923 ; free virtual = 12697
synth_design: Time (s): cpu = 00:01:17 ; elapsed = 00:01:23 . Memory (MB): peak = 1431.996 ; gain = 426.930 ; free physical = 1904 ; free virtual = 12678
