
*** Running vivado
    with args -log dma_auto_pc_1.vds -m64 -product Vivado -mode batch -messageDb vivado.pb -notrace -source dma_auto_pc_1.tcl


****** Vivado v2016.4 (64-bit)
  **** SW Build 1756540 on Mon Jan 23 19:11:19 MST 2017
  **** IP Build 1755317 on Mon Jan 23 20:30:07 MST 2017
    ** Copyright 1986-2016 Xilinx, Inc. All Rights Reserved.

source dma_auto_pc_1.tcl -notrace
Starting RTL Elaboration : Time (s): cpu = 00:00:13 ; elapsed = 00:00:15 . Memory (MB): peak = 1075.652 ; gain = 138.086 ; free physical = 1067 ; free virtual = 11825
INFO: [Synth 8-638] synthesizing module 'dma_auto_pc_1' [/home/gsc/zynq7000/projects/hardware_design/zed_dma/zed_dma.srcs/sources_1/bd/dma/ip/dma_auto_pc_1/synth/dma_auto_pc_1.v:58]
INFO: [Synth 8-638] synthesizing module 'axi_protocol_converter_v2_1_11_axi_protocol_converter' [/home/gsc/zynq7000/projects/hardware_design/zed_dma/zed_dma.srcs/sources_1/bd/dma/ipshared/df1b/hdl/axi_protocol_converter_v2_1_vl_rfs.v:4806]
INFO: [Synth 8-638] synthesizing module 'axi_protocol_converter_v2_1_11_b2s' [/home/gsc/zynq7000/projects/hardware_design/zed_dma/zed_dma.srcs/sources_1/bd/dma/ipshared/df1b/hdl/axi_protocol_converter_v2_1_vl_rfs.v:4224]
INFO: [Synth 8-638] synthesizing module 'axi_protocol_converter_v2_1_11_b2s_aw_channel' [/home/gsc/zynq7000/projects/hardware_design/zed_dma/zed_dma.srcs/sources_1/bd/dma/ipshared/df1b/hdl/axi_protocol_converter_v2_1_vl_rfs.v:3969]
INFO: [Synth 8-638] synthesizing module 'axi_protocol_converter_v2_1_11_b2s_cmd_translator' [/home/gsc/zynq7000/projects/hardware_design/zed_dma/zed_dma.srcs/sources_1/bd/dma/ipshared/df1b/hdl/axi_protocol_converter_v2_1_vl_rfs.v:3467]
INFO: [Synth 8-638] synthesizing module 'axi_protocol_converter_v2_1_11_b2s_incr_cmd' [/home/gsc/zynq7000/projects/hardware_design/zed_dma/zed_dma.srcs/sources_1/bd/dma/ipshared/df1b/hdl/axi_protocol_converter_v2_1_vl_rfs.v:3093]
INFO: [Synth 8-256] done synthesizing module 'axi_protocol_converter_v2_1_11_b2s_incr_cmd' (1#1) [/home/gsc/zynq7000/projects/hardware_design/zed_dma/zed_dma.srcs/sources_1/bd/dma/ipshared/df1b/hdl/axi_protocol_converter_v2_1_vl_rfs.v:3093]
INFO: [Synth 8-638] synthesizing module 'axi_protocol_converter_v2_1_11_b2s_wrap_cmd' [/home/gsc/zynq7000/projects/hardware_design/zed_dma/zed_dma.srcs/sources_1/bd/dma/ipshared/df1b/hdl/axi_protocol_converter_v2_1_vl_rfs.v:2903]
INFO: [Synth 8-256] done synthesizing module 'axi_protocol_converter_v2_1_11_b2s_wrap_cmd' (2#1) [/home/gsc/zynq7000/projects/hardware_design/zed_dma/zed_dma.srcs/sources_1/bd/dma/ipshared/df1b/hdl/axi_protocol_converter_v2_1_vl_rfs.v:2903]
INFO: [Synth 8-256] done synthesizing module 'axi_protocol_converter_v2_1_11_b2s_cmd_translator' (3#1) [/home/gsc/zynq7000/projects/hardware_design/zed_dma/zed_dma.srcs/sources_1/bd/dma/ipshared/df1b/hdl/axi_protocol_converter_v2_1_vl_rfs.v:3467]
INFO: [Synth 8-638] synthesizing module 'axi_protocol_converter_v2_1_11_b2s_wr_cmd_fsm' [/home/gsc/zynq7000/projects/hardware_design/zed_dma/zed_dma.srcs/sources_1/bd/dma/ipshared/df1b/hdl/axi_protocol_converter_v2_1_vl_rfs.v:3225]
INFO: [Synth 8-256] done synthesizing module 'axi_protocol_converter_v2_1_11_b2s_wr_cmd_fsm' (4#1) [/home/gsc/zynq7000/projects/hardware_design/zed_dma/zed_dma.srcs/sources_1/bd/dma/ipshared/df1b/hdl/axi_protocol_converter_v2_1_vl_rfs.v:3225]
INFO: [Synth 8-256] done synthesizing module 'axi_protocol_converter_v2_1_11_b2s_aw_channel' (5#1) [/home/gsc/zynq7000/projects/hardware_design/zed_dma/zed_dma.srcs/sources_1/bd/dma/ipshared/df1b/hdl/axi_protocol_converter_v2_1_vl_rfs.v:3969]
INFO: [Synth 8-638] synthesizing module 'axi_protocol_converter_v2_1_11_b2s_b_channel' [/home/gsc/zynq7000/projects/hardware_design/zed_dma/zed_dma.srcs/sources_1/bd/dma/ipshared/df1b/hdl/axi_protocol_converter_v2_1_vl_rfs.v:3609]
INFO: [Synth 8-638] synthesizing module 'axi_protocol_converter_v2_1_11_b2s_simple_fifo' [/home/gsc/zynq7000/projects/hardware_design/zed_dma/zed_dma.srcs/sources_1/bd/dma/ipshared/df1b/hdl/axi_protocol_converter_v2_1_vl_rfs.v:2816]
INFO: [Synth 8-256] done synthesizing module 'axi_protocol_converter_v2_1_11_b2s_simple_fifo' (6#1) [/home/gsc/zynq7000/projects/hardware_design/zed_dma/zed_dma.srcs/sources_1/bd/dma/ipshared/df1b/hdl/axi_protocol_converter_v2_1_vl_rfs.v:2816]
INFO: [Synth 8-638] synthesizing module 'axi_protocol_converter_v2_1_11_b2s_simple_fifo__parameterized0' [/home/gsc/zynq7000/projects/hardware_design/zed_dma/zed_dma.srcs/sources_1/bd/dma/ipshared/df1b/hdl/axi_protocol_converter_v2_1_vl_rfs.v:2816]
INFO: [Synth 8-256] done synthesizing module 'axi_protocol_converter_v2_1_11_b2s_simple_fifo__parameterized0' (6#1) [/home/gsc/zynq7000/projects/hardware_design/zed_dma/zed_dma.srcs/sources_1/bd/dma/ipshared/df1b/hdl/axi_protocol_converter_v2_1_vl_rfs.v:2816]
INFO: [Synth 8-256] done synthesizing module 'axi_protocol_converter_v2_1_11_b2s_b_channel' (7#1) [/home/gsc/zynq7000/projects/hardware_design/zed_dma/zed_dma.srcs/sources_1/bd/dma/ipshared/df1b/hdl/axi_protocol_converter_v2_1_vl_rfs.v:3609]
INFO: [Synth 8-638] synthesizing module 'axi_protocol_converter_v2_1_11_b2s_ar_channel' [/home/gsc/zynq7000/projects/hardware_design/zed_dma/zed_dma.srcs/sources_1/bd/dma/ipshared/df1b/hdl/axi_protocol_converter_v2_1_vl_rfs.v:4080]
INFO: [Synth 8-638] synthesizing module 'axi_protocol_converter_v2_1_11_b2s_rd_cmd_fsm' [/home/gsc/zynq7000/projects/hardware_design/zed_dma/zed_dma.srcs/sources_1/bd/dma/ipshared/df1b/hdl/axi_protocol_converter_v2_1_vl_rfs.v:3336]
INFO: [Synth 8-256] done synthesizing module 'axi_protocol_converter_v2_1_11_b2s_rd_cmd_fsm' (8#1) [/home/gsc/zynq7000/projects/hardware_design/zed_dma/zed_dma.srcs/sources_1/bd/dma/ipshared/df1b/hdl/axi_protocol_converter_v2_1_vl_rfs.v:3336]
INFO: [Synth 8-256] done synthesizing module 'axi_protocol_converter_v2_1_11_b2s_ar_channel' (9#1) [/home/gsc/zynq7000/projects/hardware_design/zed_dma/zed_dma.srcs/sources_1/bd/dma/ipshared/df1b/hdl/axi_protocol_converter_v2_1_vl_rfs.v:4080]
INFO: [Synth 8-638] synthesizing module 'axi_protocol_converter_v2_1_11_b2s_r_channel' [/home/gsc/zynq7000/projects/hardware_design/zed_dma/zed_dma.srcs/sources_1/bd/dma/ipshared/df1b/hdl/axi_protocol_converter_v2_1_vl_rfs.v:3809]
INFO: [Synth 8-638] synthesizing module 'axi_protocol_converter_v2_1_11_b2s_simple_fifo__parameterized1' [/home/gsc/zynq7000/projects/hardware_design/zed_dma/zed_dma.srcs/sources_1/bd/dma/ipshared/df1b/hdl/axi_protocol_converter_v2_1_vl_rfs.v:2816]
INFO: [Synth 8-256] done synthesizing module 'axi_protocol_converter_v2_1_11_b2s_simple_fifo__parameterized1' (9#1) [/home/gsc/zynq7000/projects/hardware_design/zed_dma/zed_dma.srcs/sources_1/bd/dma/ipshared/df1b/hdl/axi_protocol_converter_v2_1_vl_rfs.v:2816]
INFO: [Synth 8-638] synthesizing module 'axi_protocol_converter_v2_1_11_b2s_simple_fifo__parameterized2' [/home/gsc/zynq7000/projects/hardware_design/zed_dma/zed_dma.srcs/sources_1/bd/dma/ipshared/df1b/hdl/axi_protocol_converter_v2_1_vl_rfs.v:2816]
INFO: [Synth 8-256] done synthesizing module 'axi_protocol_converter_v2_1_11_b2s_simple_fifo__parameterized2' (9#1) [/home/gsc/zynq7000/projects/hardware_design/zed_dma/zed_dma.srcs/sources_1/bd/dma/ipshared/df1b/hdl/axi_protocol_converter_v2_1_vl_rfs.v:2816]
INFO: [Synth 8-256] done synthesizing module 'axi_protocol_converter_v2_1_11_b2s_r_channel' (10#1) [/home/gsc/zynq7000/projects/hardware_design/zed_dma/zed_dma.srcs/sources_1/bd/dma/ipshared/df1b/hdl/axi_protocol_converter_v2_1_vl_rfs.v:3809]
INFO: [Synth 8-638] synthesizing module 'axi_register_slice_v2_1_11_axi_register_slice' [/home/gsc/zynq7000/projects/hardware_design/zed_dma/zed_dma.srcs/sources_1/bd/dma/ipshared/0b6b/hdl/axi_register_slice_v2_1_vl_rfs.v:791]
INFO: [Synth 8-638] synthesizing module 'axi_infrastructure_v1_1_0_axi2vector' [/home/gsc/zynq7000/projects/hardware_design/zed_dma/zed_dma.srcs/sources_1/bd/dma/ipshared/7e3a/hdl/axi_infrastructure_v1_1_vl_rfs.v:60]
INFO: [Synth 8-256] done synthesizing module 'axi_infrastructure_v1_1_0_axi2vector' (11#1) [/home/gsc/zynq7000/projects/hardware_design/zed_dma/zed_dma.srcs/sources_1/bd/dma/ipshared/7e3a/hdl/axi_infrastructure_v1_1_vl_rfs.v:60]
INFO: [Synth 8-638] synthesizing module 'axi_register_slice_v2_1_11_axic_register_slice' [/home/gsc/zynq7000/projects/hardware_design/zed_dma/zed_dma.srcs/sources_1/bd/dma/ipshared/0b6b/hdl/axi_register_slice_v2_1_vl_rfs.v:85]
INFO: [Synth 8-256] done synthesizing module 'axi_register_slice_v2_1_11_axic_register_slice' (12#1) [/home/gsc/zynq7000/projects/hardware_design/zed_dma/zed_dma.srcs/sources_1/bd/dma/ipshared/0b6b/hdl/axi_register_slice_v2_1_vl_rfs.v:85]
INFO: [Synth 8-638] synthesizing module 'axi_register_slice_v2_1_11_axic_register_slice__parameterized0' [/home/gsc/zynq7000/projects/hardware_design/zed_dma/zed_dma.srcs/sources_1/bd/dma/ipshared/0b6b/hdl/axi_register_slice_v2_1_vl_rfs.v:85]
INFO: [Synth 8-256] done synthesizing module 'axi_register_slice_v2_1_11_axic_register_slice__parameterized0' (12#1) [/home/gsc/zynq7000/projects/hardware_design/zed_dma/zed_dma.srcs/sources_1/bd/dma/ipshared/0b6b/hdl/axi_register_slice_v2_1_vl_rfs.v:85]
INFO: [Synth 8-638] synthesizing module 'axi_register_slice_v2_1_11_axic_register_slice__parameterized1' [/home/gsc/zynq7000/projects/hardware_design/zed_dma/zed_dma.srcs/sources_1/bd/dma/ipshared/0b6b/hdl/axi_register_slice_v2_1_vl_rfs.v:85]
INFO: [Synth 8-256] done synthesizing module 'axi_register_slice_v2_1_11_axic_register_slice__parameterized1' (12#1) [/home/gsc/zynq7000/projects/hardware_design/zed_dma/zed_dma.srcs/sources_1/bd/dma/ipshared/0b6b/hdl/axi_register_slice_v2_1_vl_rfs.v:85]
INFO: [Synth 8-638] synthesizing module 'axi_register_slice_v2_1_11_axic_register_slice__parameterized2' [/home/gsc/zynq7000/projects/hardware_design/zed_dma/zed_dma.srcs/sources_1/bd/dma/ipshared/0b6b/hdl/axi_register_slice_v2_1_vl_rfs.v:85]
INFO: [Synth 8-256] done synthesizing module 'axi_register_slice_v2_1_11_axic_register_slice__parameterized2' (12#1) [/home/gsc/zynq7000/projects/hardware_design/zed_dma/zed_dma.srcs/sources_1/bd/dma/ipshared/0b6b/hdl/axi_register_slice_v2_1_vl_rfs.v:85]
INFO: [Synth 8-638] synthesizing module 'axi_infrastructure_v1_1_0_vector2axi' [/home/gsc/zynq7000/projects/hardware_design/zed_dma/zed_dma.srcs/sources_1/bd/dma/ipshared/7e3a/hdl/axi_infrastructure_v1_1_vl_rfs.v:474]
INFO: [Synth 8-256] done synthesizing module 'axi_infrastructure_v1_1_0_vector2axi' (13#1) [/home/gsc/zynq7000/projects/hardware_design/zed_dma/zed_dma.srcs/sources_1/bd/dma/ipshared/7e3a/hdl/axi_infrastructure_v1_1_vl_rfs.v:474]
INFO: [Synth 8-256] done synthesizing module 'axi_register_slice_v2_1_11_axi_register_slice' (14#1) [/home/gsc/zynq7000/projects/hardware_design/zed_dma/zed_dma.srcs/sources_1/bd/dma/ipshared/0b6b/hdl/axi_register_slice_v2_1_vl_rfs.v:791]
INFO: [Synth 8-638] synthesizing module 'axi_register_slice_v2_1_11_axi_register_slice__parameterized0' [/home/gsc/zynq7000/projects/hardware_design/zed_dma/zed_dma.srcs/sources_1/bd/dma/ipshared/0b6b/hdl/axi_register_slice_v2_1_vl_rfs.v:791]
INFO: [Synth 8-638] synthesizing module 'axi_infrastructure_v1_1_0_axi2vector__parameterized0' [/home/gsc/zynq7000/projects/hardware_design/zed_dma/zed_dma.srcs/sources_1/bd/dma/ipshared/7e3a/hdl/axi_infrastructure_v1_1_vl_rfs.v:60]
INFO: [Synth 8-256] done synthesizing module 'axi_infrastructure_v1_1_0_axi2vector__parameterized0' (14#1) [/home/gsc/zynq7000/projects/hardware_design/zed_dma/zed_dma.srcs/sources_1/bd/dma/ipshared/7e3a/hdl/axi_infrastructure_v1_1_vl_rfs.v:60]
INFO: [Synth 8-638] synthesizing module 'axi_register_slice_v2_1_11_axic_register_slice__parameterized3' [/home/gsc/zynq7000/projects/hardware_design/zed_dma/zed_dma.srcs/sources_1/bd/dma/ipshared/0b6b/hdl/axi_register_slice_v2_1_vl_rfs.v:85]
INFO: [Synth 8-256] done synthesizing module 'axi_register_slice_v2_1_11_axic_register_slice__parameterized3' (14#1) [/home/gsc/zynq7000/projects/hardware_design/zed_dma/zed_dma.srcs/sources_1/bd/dma/ipshared/0b6b/hdl/axi_register_slice_v2_1_vl_rfs.v:85]
INFO: [Synth 8-638] synthesizing module 'axi_register_slice_v2_1_11_axic_register_slice__parameterized4' [/home/gsc/zynq7000/projects/hardware_design/zed_dma/zed_dma.srcs/sources_1/bd/dma/ipshared/0b6b/hdl/axi_register_slice_v2_1_vl_rfs.v:85]
INFO: [Synth 8-256] done synthesizing module 'axi_register_slice_v2_1_11_axic_register_slice__parameterized4' (14#1) [/home/gsc/zynq7000/projects/hardware_design/zed_dma/zed_dma.srcs/sources_1/bd/dma/ipshared/0b6b/hdl/axi_register_slice_v2_1_vl_rfs.v:85]
INFO: [Synth 8-638] synthesizing module 'axi_register_slice_v2_1_11_axic_register_slice__parameterized5' [/home/gsc/zynq7000/projects/hardware_design/zed_dma/zed_dma.srcs/sources_1/bd/dma/ipshared/0b6b/hdl/axi_register_slice_v2_1_vl_rfs.v:85]
INFO: [Synth 8-256] done synthesizing module 'axi_register_slice_v2_1_11_axic_register_slice__parameterized5' (14#1) [/home/gsc/zynq7000/projects/hardware_design/zed_dma/zed_dma.srcs/sources_1/bd/dma/ipshared/0b6b/hdl/axi_register_slice_v2_1_vl_rfs.v:85]
INFO: [Synth 8-638] synthesizing module 'axi_register_slice_v2_1_11_axic_register_slice__parameterized6' [/home/gsc/zynq7000/projects/hardware_design/zed_dma/zed_dma.srcs/sources_1/bd/dma/ipshared/0b6b/hdl/axi_register_slice_v2_1_vl_rfs.v:85]
INFO: [Synth 8-256] done synthesizing module 'axi_register_slice_v2_1_11_axic_register_slice__parameterized6' (14#1) [/home/gsc/zynq7000/projects/hardware_design/zed_dma/zed_dma.srcs/sources_1/bd/dma/ipshared/0b6b/hdl/axi_register_slice_v2_1_vl_rfs.v:85]
INFO: [Synth 8-638] synthesizing module 'axi_register_slice_v2_1_11_axic_register_slice__parameterized7' [/home/gsc/zynq7000/projects/hardware_design/zed_dma/zed_dma.srcs/sources_1/bd/dma/ipshared/0b6b/hdl/axi_register_slice_v2_1_vl_rfs.v:85]
INFO: [Synth 8-256] done synthesizing module 'axi_register_slice_v2_1_11_axic_register_slice__parameterized7' (14#1) [/home/gsc/zynq7000/projects/hardware_design/zed_dma/zed_dma.srcs/sources_1/bd/dma/ipshared/0b6b/hdl/axi_register_slice_v2_1_vl_rfs.v:85]
INFO: [Synth 8-638] synthesizing module 'axi_infrastructure_v1_1_0_vector2axi__parameterized0' [/home/gsc/zynq7000/projects/hardware_design/zed_dma/zed_dma.srcs/sources_1/bd/dma/ipshared/7e3a/hdl/axi_infrastructure_v1_1_vl_rfs.v:474]
INFO: [Synth 8-256] done synthesizing module 'axi_infrastructure_v1_1_0_vector2axi__parameterized0' (14#1) [/home/gsc/zynq7000/projects/hardware_design/zed_dma/zed_dma.srcs/sources_1/bd/dma/ipshared/7e3a/hdl/axi_infrastructure_v1_1_vl_rfs.v:474]
INFO: [Synth 8-256] done synthesizing module 'axi_register_slice_v2_1_11_axi_register_slice__parameterized0' (14#1) [/home/gsc/zynq7000/projects/hardware_design/zed_dma/zed_dma.srcs/sources_1/bd/dma/ipshared/0b6b/hdl/axi_register_slice_v2_1_vl_rfs.v:791]
INFO: [Synth 8-256] done synthesizing module 'axi_protocol_converter_v2_1_11_b2s' (15#1) [/home/gsc/zynq7000/projects/hardware_design/zed_dma/zed_dma.srcs/sources_1/bd/dma/ipshared/df1b/hdl/axi_protocol_converter_v2_1_vl_rfs.v:4224]
INFO: [Synth 8-256] done synthesizing module 'axi_protocol_converter_v2_1_11_axi_protocol_converter' (16#1) [/home/gsc/zynq7000/projects/hardware_design/zed_dma/zed_dma.srcs/sources_1/bd/dma/ipshared/df1b/hdl/axi_protocol_converter_v2_1_vl_rfs.v:4806]
INFO: [Synth 8-256] done synthesizing module 'dma_auto_pc_1' (17#1) [/home/gsc/zynq7000/projects/hardware_design/zed_dma/zed_dma.srcs/sources_1/bd/dma/ip/dma_auto_pc_1/synth/dma_auto_pc_1.v:58]
Finished RTL Elaboration : Time (s): cpu = 00:00:58 ; elapsed = 00:01:06 . Memory (MB): peak = 1197.125 ; gain = 259.559 ; free physical = 888 ; free virtual = 11644
Finished RTL Optimization Phase 1 : Time (s): cpu = 00:00:59 ; elapsed = 00:01:07 . Memory (MB): peak = 1197.125 ; gain = 259.559 ; free physical = 884 ; free virtual = 11640
INFO: [Device 21-403] Loading part xc7z020clg484-1
Constraint Validation Runtime : Time (s): cpu = 00:00:00.13 ; elapsed = 00:00:00.12 . Memory (MB): peak = 1465.984 ; gain = 0.004 ; free physical = 1294 ; free virtual = 12048
Finished Constraint Validation : Time (s): cpu = 00:01:16 ; elapsed = 00:01:25 . Memory (MB): peak = 1465.984 ; gain = 528.418 ; free physical = 1064 ; free virtual = 11820
Finished Loading Part and Timing Information : Time (s): cpu = 00:01:16 ; elapsed = 00:01:25 . Memory (MB): peak = 1465.984 ; gain = 528.418 ; free physical = 1064 ; free virtual = 11820
Finished applying 'set_property' XDC Constraints : Time (s): cpu = 00:01:16 ; elapsed = 00:01:25 . Memory (MB): peak = 1465.984 ; gain = 528.418 ; free physical = 1064 ; free virtual = 11820
Finished RTL Optimization Phase 2 : Time (s): cpu = 00:01:17 ; elapsed = 00:01:26 . Memory (MB): peak = 1465.984 ; gain = 528.418 ; free physical = 1059 ; free virtual = 11814
Finished Cross Boundary and Area Optimization : Time (s): cpu = 00:01:20 ; elapsed = 00:01:29 . Memory (MB): peak = 1465.988 ; gain = 528.422 ; free physical = 1096 ; free virtual = 11851
Finished Applying XDC Timing Constraints : Time (s): cpu = 00:01:33 ; elapsed = 00:01:43 . Memory (MB): peak = 1465.988 ; gain = 528.422 ; free physical = 1042 ; free virtual = 11791
Finished Timing Optimization : Time (s): cpu = 00:01:36 ; elapsed = 00:01:46 . Memory (MB): peak = 1478.668 ; gain = 541.102 ; free physical = 990 ; free virtual = 11738
Finished Technology Mapping : Time (s): cpu = 00:01:37 ; elapsed = 00:01:47 . Memory (MB): peak = 1487.676 ; gain = 550.109 ; free physical = 947 ; free virtual = 11695
Finished IO Insertion : Time (s): cpu = 00:01:38 ; elapsed = 00:01:48 . Memory (MB): peak = 1487.680 ; gain = 550.113 ; free physical = 908 ; free virtual = 11656
Finished Renaming Generated Instances : Time (s): cpu = 00:01:38 ; elapsed = 00:01:48 . Memory (MB): peak = 1487.680 ; gain = 550.113 ; free physical = 908 ; free virtual = 11656
Finished Rebuilding User Hierarchy : Time (s): cpu = 00:01:38 ; elapsed = 00:01:48 . Memory (MB): peak = 1487.680 ; gain = 550.113 ; free physical = 907 ; free virtual = 11654
Finished Renaming Generated Ports : Time (s): cpu = 00:01:38 ; elapsed = 00:01:48 . Memory (MB): peak = 1487.680 ; gain = 550.113 ; free physical = 907 ; free virtual = 11654
Finished Handling Custom Attributes : Time (s): cpu = 00:01:38 ; elapsed = 00:01:48 . Memory (MB): peak = 1487.680 ; gain = 550.113 ; free physical = 907 ; free virtual = 11654
Finished Renaming Generated Nets : Time (s): cpu = 00:01:38 ; elapsed = 00:01:48 . Memory (MB): peak = 1487.680 ; gain = 550.113 ; free physical = 907 ; free virtual = 11654

Report Cell Usage: 
+------+--------+------+
|      |Cell    |Count |
+------+--------+------+
|1     |CARRY4  |    18|
|2     |LUT1    |    38|
|3     |LUT2    |    22|
|4     |LUT3    |   241|
|5     |LUT4    |    38|
|6     |LUT5    |    68|
|7     |LUT6    |   117|
|8     |SRL16E  |    22|
|9     |SRLC32E |    47|
|10    |FDRE    |   570|
|11    |FDSE    |    52|
+------+--------+------+
Finished Writing Synthesis Report : Time (s): cpu = 00:01:38 ; elapsed = 00:01:48 . Memory (MB): peak = 1487.680 ; gain = 550.113 ; free physical = 907 ; free virtual = 11654
synth_design: Time (s): cpu = 00:01:37 ; elapsed = 00:01:46 . Memory (MB): peak = 1489.680 ; gain = 484.609 ; free physical = 809 ; free virtual = 11556
