
*** Running vivado
    with args -log dma_xbar_0.vds -m64 -product Vivado -mode batch -messageDb vivado.pb -notrace -source dma_xbar_0.tcl


****** Vivado v2016.4 (64-bit)
  **** SW Build 1756540 on Mon Jan 23 19:11:19 MST 2017
  **** IP Build 1755317 on Mon Jan 23 20:30:07 MST 2017
    ** Copyright 1986-2016 Xilinx, Inc. All Rights Reserved.

source dma_xbar_0.tcl -notrace
Starting RTL Elaboration : Time (s): cpu = 00:00:09 ; elapsed = 00:00:10 . Memory (MB): peak = 1092.652 ; gain = 155.086 ; free physical = 3915 ; free virtual = 13875
INFO: [Synth 8-638] synthesizing module 'dma_xbar_0' [/home/gsc/zynq7000/projects/hardware_design/zed_dma/zed_dma.srcs/sources_1/bd/dma/ip/dma_xbar_0/synth/dma_xbar_0.v:59]
INFO: [Synth 8-638] synthesizing module 'axi_crossbar_v2_1_12_axi_crossbar' [/home/gsc/zynq7000/projects/hardware_design/zed_dma/zed_dma.srcs/sources_1/bd/dma/ipshared/896d/hdl/axi_crossbar_v2_1_vl_rfs.v:4882]
INFO: [Synth 8-638] synthesizing module 'axi_crossbar_v2_1_12_crossbar' [/home/gsc/zynq7000/projects/hardware_design/zed_dma/zed_dma.srcs/sources_1/bd/dma/ipshared/896d/hdl/axi_crossbar_v2_1_vl_rfs.v:2239]
INFO: [Synth 8-638] synthesizing module 'axi_crossbar_v2_1_12_si_transactor' [/home/gsc/zynq7000/projects/hardware_design/zed_dma/zed_dma.srcs/sources_1/bd/dma/ipshared/896d/hdl/axi_crossbar_v2_1_vl_rfs.v:3798]
INFO: [Synth 8-638] synthesizing module 'axi_crossbar_v2_1_12_addr_decoder' [/home/gsc/zynq7000/projects/hardware_design/zed_dma/zed_dma.srcs/sources_1/bd/dma/ipshared/896d/hdl/axi_crossbar_v2_1_vl_rfs.v:794]
INFO: [Synth 8-638] synthesizing module 'generic_baseblocks_v2_1_0_comparator_static' [/home/gsc/zynq7000/projects/hardware_design/zed_dma/zed_dma.srcs/sources_1/bd/dma/ipshared/7ee0/hdl/generic_baseblocks_v2_1_vl_rfs.v:2133]
INFO: [Synth 8-638] synthesizing module 'generic_baseblocks_v2_1_0_carry_and' [/home/gsc/zynq7000/projects/hardware_design/zed_dma/zed_dma.srcs/sources_1/bd/dma/ipshared/7ee0/hdl/generic_baseblocks_v2_1_vl_rfs.v:62]
INFO: [Synth 8-256] done synthesizing module 'generic_baseblocks_v2_1_0_carry_and' (1#1) [/home/gsc/zynq7000/projects/hardware_design/zed_dma/zed_dma.srcs/sources_1/bd/dma/ipshared/7ee0/hdl/generic_baseblocks_v2_1_vl_rfs.v:62]
INFO: [Synth 8-256] done synthesizing module 'generic_baseblocks_v2_1_0_comparator_static' (2#1) [/home/gsc/zynq7000/projects/hardware_design/zed_dma/zed_dma.srcs/sources_1/bd/dma/ipshared/7ee0/hdl/generic_baseblocks_v2_1_vl_rfs.v:2133]
INFO: [Synth 8-256] done synthesizing module 'axi_crossbar_v2_1_12_addr_decoder' (3#1) [/home/gsc/zynq7000/projects/hardware_design/zed_dma/zed_dma.srcs/sources_1/bd/dma/ipshared/896d/hdl/axi_crossbar_v2_1_vl_rfs.v:794]
INFO: [Synth 8-638] synthesizing module 'axi_data_fifo_v2_1_10_axic_srl_fifo' [/home/gsc/zynq7000/projects/hardware_design/zed_dma/zed_dma.srcs/sources_1/bd/dma/ipshared/39ba/hdl/axi_data_fifo_v2_1_vl_rfs.v:698]
INFO: [Synth 8-638] synthesizing module 'axi_data_fifo_v2_1_10_ndeep_srl' [/home/gsc/zynq7000/projects/hardware_design/zed_dma/zed_dma.srcs/sources_1/bd/dma/ipshared/39ba/hdl/axi_data_fifo_v2_1_vl_rfs.v:1134]
INFO: [Synth 8-638] synthesizing module 'SRLC32E' [/opt/Xilinx/Vivado/2016.4/scripts/rt/data/unisim_comp.v:43478]
INFO: [Synth 8-256] done synthesizing module 'SRLC32E' (4#1) [/opt/Xilinx/Vivado/2016.4/scripts/rt/data/unisim_comp.v:43478]
INFO: [Synth 8-256] done synthesizing module 'axi_data_fifo_v2_1_10_ndeep_srl' (5#1) [/home/gsc/zynq7000/projects/hardware_design/zed_dma/zed_dma.srcs/sources_1/bd/dma/ipshared/39ba/hdl/axi_data_fifo_v2_1_vl_rfs.v:1134]
INFO: [Synth 8-256] done synthesizing module 'axi_data_fifo_v2_1_10_axic_srl_fifo' (6#1) [/home/gsc/zynq7000/projects/hardware_design/zed_dma/zed_dma.srcs/sources_1/bd/dma/ipshared/39ba/hdl/axi_data_fifo_v2_1_vl_rfs.v:698]
INFO: [Synth 8-638] synthesizing module 'generic_baseblocks_v2_1_0_mux_enc' [/home/gsc/zynq7000/projects/hardware_design/zed_dma/zed_dma.srcs/sources_1/bd/dma/ipshared/7ee0/hdl/generic_baseblocks_v2_1_vl_rfs.v:2452]
INFO: [Synth 8-256] done synthesizing module 'generic_baseblocks_v2_1_0_mux_enc' (7#1) [/home/gsc/zynq7000/projects/hardware_design/zed_dma/zed_dma.srcs/sources_1/bd/dma/ipshared/7ee0/hdl/generic_baseblocks_v2_1_vl_rfs.v:2452]
INFO: [Synth 8-256] done synthesizing module 'axi_crossbar_v2_1_12_si_transactor' (8#1) [/home/gsc/zynq7000/projects/hardware_design/zed_dma/zed_dma.srcs/sources_1/bd/dma/ipshared/896d/hdl/axi_crossbar_v2_1_vl_rfs.v:3798]
INFO: [Synth 8-638] synthesizing module 'axi_crossbar_v2_1_12_si_transactor__parameterized0' [/home/gsc/zynq7000/projects/hardware_design/zed_dma/zed_dma.srcs/sources_1/bd/dma/ipshared/896d/hdl/axi_crossbar_v2_1_vl_rfs.v:3798]
INFO: [Synth 8-638] synthesizing module 'generic_baseblocks_v2_1_0_mux_enc__parameterized0' [/home/gsc/zynq7000/projects/hardware_design/zed_dma/zed_dma.srcs/sources_1/bd/dma/ipshared/7ee0/hdl/generic_baseblocks_v2_1_vl_rfs.v:2452]
INFO: [Synth 8-256] done synthesizing module 'generic_baseblocks_v2_1_0_mux_enc__parameterized0' (8#1) [/home/gsc/zynq7000/projects/hardware_design/zed_dma/zed_dma.srcs/sources_1/bd/dma/ipshared/7ee0/hdl/generic_baseblocks_v2_1_vl_rfs.v:2452]
INFO: [Synth 8-256] done synthesizing module 'axi_crossbar_v2_1_12_si_transactor__parameterized0' (8#1) [/home/gsc/zynq7000/projects/hardware_design/zed_dma/zed_dma.srcs/sources_1/bd/dma/ipshared/896d/hdl/axi_crossbar_v2_1_vl_rfs.v:3798]
INFO: [Synth 8-638] synthesizing module 'axi_crossbar_v2_1_12_splitter' [/home/gsc/zynq7000/projects/hardware_design/zed_dma/zed_dma.srcs/sources_1/bd/dma/ipshared/896d/hdl/axi_crossbar_v2_1_vl_rfs.v:4459]
INFO: [Synth 8-256] done synthesizing module 'axi_crossbar_v2_1_12_splitter' (9#1) [/home/gsc/zynq7000/projects/hardware_design/zed_dma/zed_dma.srcs/sources_1/bd/dma/ipshared/896d/hdl/axi_crossbar_v2_1_vl_rfs.v:4459]
INFO: [Synth 8-638] synthesizing module 'axi_crossbar_v2_1_12_wdata_router' [/home/gsc/zynq7000/projects/hardware_design/zed_dma/zed_dma.srcs/sources_1/bd/dma/ipshared/896d/hdl/axi_crossbar_v2_1_vl_rfs.v:4734]
INFO: [Synth 8-638] synthesizing module 'axi_data_fifo_v2_1_10_axic_reg_srl_fifo' [/home/gsc/zynq7000/projects/hardware_design/zed_dma/zed_dma.srcs/sources_1/bd/dma/ipshared/39ba/hdl/axi_data_fifo_v2_1_vl_rfs.v:889]
INFO: [Synth 8-256] done synthesizing module 'axi_data_fifo_v2_1_10_axic_reg_srl_fifo' (10#1) [/home/gsc/zynq7000/projects/hardware_design/zed_dma/zed_dma.srcs/sources_1/bd/dma/ipshared/39ba/hdl/axi_data_fifo_v2_1_vl_rfs.v:889]
INFO: [Synth 8-256] done synthesizing module 'axi_crossbar_v2_1_12_wdata_router' (11#1) [/home/gsc/zynq7000/projects/hardware_design/zed_dma/zed_dma.srcs/sources_1/bd/dma/ipshared/896d/hdl/axi_crossbar_v2_1_vl_rfs.v:4734]
INFO: [Synth 8-638] synthesizing module 'axi_crossbar_v2_1_12_si_transactor__parameterized1' [/home/gsc/zynq7000/projects/hardware_design/zed_dma/zed_dma.srcs/sources_1/bd/dma/ipshared/896d/hdl/axi_crossbar_v2_1_vl_rfs.v:3798]
INFO: [Synth 8-256] done synthesizing module 'axi_crossbar_v2_1_12_si_transactor__parameterized1' (11#1) [/home/gsc/zynq7000/projects/hardware_design/zed_dma/zed_dma.srcs/sources_1/bd/dma/ipshared/896d/hdl/axi_crossbar_v2_1_vl_rfs.v:3798]
INFO: [Synth 8-638] synthesizing module 'axi_crossbar_v2_1_12_si_transactor__parameterized2' [/home/gsc/zynq7000/projects/hardware_design/zed_dma/zed_dma.srcs/sources_1/bd/dma/ipshared/896d/hdl/axi_crossbar_v2_1_vl_rfs.v:3798]
INFO: [Synth 8-638] synthesizing module 'generic_baseblocks_v2_1_0_mux_enc__parameterized1' [/home/gsc/zynq7000/projects/hardware_design/zed_dma/zed_dma.srcs/sources_1/bd/dma/ipshared/7ee0/hdl/generic_baseblocks_v2_1_vl_rfs.v:2452]
INFO: [Synth 8-256] done synthesizing module 'generic_baseblocks_v2_1_0_mux_enc__parameterized1' (11#1) [/home/gsc/zynq7000/projects/hardware_design/zed_dma/zed_dma.srcs/sources_1/bd/dma/ipshared/7ee0/hdl/generic_baseblocks_v2_1_vl_rfs.v:2452]
INFO: [Synth 8-256] done synthesizing module 'axi_crossbar_v2_1_12_si_transactor__parameterized2' (11#1) [/home/gsc/zynq7000/projects/hardware_design/zed_dma/zed_dma.srcs/sources_1/bd/dma/ipshared/896d/hdl/axi_crossbar_v2_1_vl_rfs.v:3798]
INFO: [Synth 8-638] synthesizing module 'axi_crossbar_v2_1_12_addr_decoder__parameterized0' [/home/gsc/zynq7000/projects/hardware_design/zed_dma/zed_dma.srcs/sources_1/bd/dma/ipshared/896d/hdl/axi_crossbar_v2_1_vl_rfs.v:794]
INFO: [Synth 8-256] done synthesizing module 'axi_crossbar_v2_1_12_addr_decoder__parameterized0' (11#1) [/home/gsc/zynq7000/projects/hardware_design/zed_dma/zed_dma.srcs/sources_1/bd/dma/ipshared/896d/hdl/axi_crossbar_v2_1_vl_rfs.v:794]
INFO: [Synth 8-638] synthesizing module 'axi_crossbar_v2_1_12_addr_decoder__parameterized1' [/home/gsc/zynq7000/projects/hardware_design/zed_dma/zed_dma.srcs/sources_1/bd/dma/ipshared/896d/hdl/axi_crossbar_v2_1_vl_rfs.v:794]
INFO: [Synth 8-256] done synthesizing module 'axi_crossbar_v2_1_12_addr_decoder__parameterized1' (11#1) [/home/gsc/zynq7000/projects/hardware_design/zed_dma/zed_dma.srcs/sources_1/bd/dma/ipshared/896d/hdl/axi_crossbar_v2_1_vl_rfs.v:794]
INFO: [Synth 8-638] synthesizing module 'axi_data_fifo_v2_1_10_axic_srl_fifo__parameterized0' [/home/gsc/zynq7000/projects/hardware_design/zed_dma/zed_dma.srcs/sources_1/bd/dma/ipshared/39ba/hdl/axi_data_fifo_v2_1_vl_rfs.v:698]
INFO: [Synth 8-638] synthesizing module 'axi_data_fifo_v2_1_10_ndeep_srl__parameterized0' [/home/gsc/zynq7000/projects/hardware_design/zed_dma/zed_dma.srcs/sources_1/bd/dma/ipshared/39ba/hdl/axi_data_fifo_v2_1_vl_rfs.v:1134]
INFO: [Synth 8-256] done synthesizing module 'axi_data_fifo_v2_1_10_ndeep_srl__parameterized0' (11#1) [/home/gsc/zynq7000/projects/hardware_design/zed_dma/zed_dma.srcs/sources_1/bd/dma/ipshared/39ba/hdl/axi_data_fifo_v2_1_vl_rfs.v:1134]
INFO: [Synth 8-638] synthesizing module 'axi_data_fifo_v2_1_10_ndeep_srl__parameterized1' [/home/gsc/zynq7000/projects/hardware_design/zed_dma/zed_dma.srcs/sources_1/bd/dma/ipshared/39ba/hdl/axi_data_fifo_v2_1_vl_rfs.v:1134]
INFO: [Synth 8-256] done synthesizing module 'axi_data_fifo_v2_1_10_ndeep_srl__parameterized1' (11#1) [/home/gsc/zynq7000/projects/hardware_design/zed_dma/zed_dma.srcs/sources_1/bd/dma/ipshared/39ba/hdl/axi_data_fifo_v2_1_vl_rfs.v:1134]
INFO: [Synth 8-638] synthesizing module 'axi_data_fifo_v2_1_10_ndeep_srl__parameterized2' [/home/gsc/zynq7000/projects/hardware_design/zed_dma/zed_dma.srcs/sources_1/bd/dma/ipshared/39ba/hdl/axi_data_fifo_v2_1_vl_rfs.v:1134]
INFO: [Synth 8-256] done synthesizing module 'axi_data_fifo_v2_1_10_ndeep_srl__parameterized2' (11#1) [/home/gsc/zynq7000/projects/hardware_design/zed_dma/zed_dma.srcs/sources_1/bd/dma/ipshared/39ba/hdl/axi_data_fifo_v2_1_vl_rfs.v:1134]
INFO: [Synth 8-638] synthesizing module 'axi_data_fifo_v2_1_10_ndeep_srl__parameterized3' [/home/gsc/zynq7000/projects/hardware_design/zed_dma/zed_dma.srcs/sources_1/bd/dma/ipshared/39ba/hdl/axi_data_fifo_v2_1_vl_rfs.v:1134]
INFO: [Synth 8-256] done synthesizing module 'axi_data_fifo_v2_1_10_ndeep_srl__parameterized3' (11#1) [/home/gsc/zynq7000/projects/hardware_design/zed_dma/zed_dma.srcs/sources_1/bd/dma/ipshared/39ba/hdl/axi_data_fifo_v2_1_vl_rfs.v:1134]
INFO: [Synth 8-638] synthesizing module 'axi_data_fifo_v2_1_10_ndeep_srl__parameterized4' [/home/gsc/zynq7000/projects/hardware_design/zed_dma/zed_dma.srcs/sources_1/bd/dma/ipshared/39ba/hdl/axi_data_fifo_v2_1_vl_rfs.v:1134]
INFO: [Synth 8-256] done synthesizing module 'axi_data_fifo_v2_1_10_ndeep_srl__parameterized4' (11#1) [/home/gsc/zynq7000/projects/hardware_design/zed_dma/zed_dma.srcs/sources_1/bd/dma/ipshared/39ba/hdl/axi_data_fifo_v2_1_vl_rfs.v:1134]
INFO: [Synth 8-638] synthesizing module 'axi_data_fifo_v2_1_10_ndeep_srl__parameterized5' [/home/gsc/zynq7000/projects/hardware_design/zed_dma/zed_dma.srcs/sources_1/bd/dma/ipshared/39ba/hdl/axi_data_fifo_v2_1_vl_rfs.v:1134]
INFO: [Synth 8-256] done synthesizing module 'axi_data_fifo_v2_1_10_ndeep_srl__parameterized5' (11#1) [/home/gsc/zynq7000/projects/hardware_design/zed_dma/zed_dma.srcs/sources_1/bd/dma/ipshared/39ba/hdl/axi_data_fifo_v2_1_vl_rfs.v:1134]
INFO: [Synth 8-638] synthesizing module 'axi_data_fifo_v2_1_10_ndeep_srl__parameterized6' [/home/gsc/zynq7000/projects/hardware_design/zed_dma/zed_dma.srcs/sources_1/bd/dma/ipshared/39ba/hdl/axi_data_fifo_v2_1_vl_rfs.v:1134]
INFO: [Synth 8-256] done synthesizing module 'axi_data_fifo_v2_1_10_ndeep_srl__parameterized6' (11#1) [/home/gsc/zynq7000/projects/hardware_design/zed_dma/zed_dma.srcs/sources_1/bd/dma/ipshared/39ba/hdl/axi_data_fifo_v2_1_vl_rfs.v:1134]
INFO: [Synth 8-638] synthesizing module 'axi_data_fifo_v2_1_10_ndeep_srl__parameterized7' [/home/gsc/zynq7000/projects/hardware_design/zed_dma/zed_dma.srcs/sources_1/bd/dma/ipshared/39ba/hdl/axi_data_fifo_v2_1_vl_rfs.v:1134]
INFO: [Synth 8-256] done synthesizing module 'axi_data_fifo_v2_1_10_ndeep_srl__parameterized7' (11#1) [/home/gsc/zynq7000/projects/hardware_design/zed_dma/zed_dma.srcs/sources_1/bd/dma/ipshared/39ba/hdl/axi_data_fifo_v2_1_vl_rfs.v:1134]
INFO: [Synth 8-256] done synthesizing module 'axi_data_fifo_v2_1_10_axic_srl_fifo__parameterized0' (11#1) [/home/gsc/zynq7000/projects/hardware_design/zed_dma/zed_dma.srcs/sources_1/bd/dma/ipshared/39ba/hdl/axi_data_fifo_v2_1_vl_rfs.v:698]
INFO: [Synth 8-638] synthesizing module 'axi_crossbar_v2_1_12_wdata_mux' [/home/gsc/zynq7000/projects/hardware_design/zed_dma/zed_dma.srcs/sources_1/bd/dma/ipshared/896d/hdl/axi_crossbar_v2_1_vl_rfs.v:4559]
INFO: [Synth 8-638] synthesizing module 'axi_data_fifo_v2_1_10_axic_reg_srl_fifo__parameterized0' [/home/gsc/zynq7000/projects/hardware_design/zed_dma/zed_dma.srcs/sources_1/bd/dma/ipshared/39ba/hdl/axi_data_fifo_v2_1_vl_rfs.v:889]
INFO: [Synth 8-638] synthesizing module 'axi_data_fifo_v2_1_10_ndeep_srl__parameterized8' [/home/gsc/zynq7000/projects/hardware_design/zed_dma/zed_dma.srcs/sources_1/bd/dma/ipshared/39ba/hdl/axi_data_fifo_v2_1_vl_rfs.v:1134]
INFO: [Synth 8-256] done synthesizing module 'axi_data_fifo_v2_1_10_ndeep_srl__parameterized8' (11#1) [/home/gsc/zynq7000/projects/hardware_design/zed_dma/zed_dma.srcs/sources_1/bd/dma/ipshared/39ba/hdl/axi_data_fifo_v2_1_vl_rfs.v:1134]
INFO: [Synth 8-638] synthesizing module 'axi_data_fifo_v2_1_10_ndeep_srl__parameterized9' [/home/gsc/zynq7000/projects/hardware_design/zed_dma/zed_dma.srcs/sources_1/bd/dma/ipshared/39ba/hdl/axi_data_fifo_v2_1_vl_rfs.v:1134]
INFO: [Synth 8-256] done synthesizing module 'axi_data_fifo_v2_1_10_ndeep_srl__parameterized9' (11#1) [/home/gsc/zynq7000/projects/hardware_design/zed_dma/zed_dma.srcs/sources_1/bd/dma/ipshared/39ba/hdl/axi_data_fifo_v2_1_vl_rfs.v:1134]
INFO: [Synth 8-256] done synthesizing module 'axi_data_fifo_v2_1_10_axic_reg_srl_fifo__parameterized0' (11#1) [/home/gsc/zynq7000/projects/hardware_design/zed_dma/zed_dma.srcs/sources_1/bd/dma/ipshared/39ba/hdl/axi_data_fifo_v2_1_vl_rfs.v:889]
INFO: [Synth 8-638] synthesizing module 'generic_baseblocks_v2_1_0_mux_enc__parameterized2' [/home/gsc/zynq7000/projects/hardware_design/zed_dma/zed_dma.srcs/sources_1/bd/dma/ipshared/7ee0/hdl/generic_baseblocks_v2_1_vl_rfs.v:2452]
INFO: [Synth 8-256] done synthesizing module 'generic_baseblocks_v2_1_0_mux_enc__parameterized2' (11#1) [/home/gsc/zynq7000/projects/hardware_design/zed_dma/zed_dma.srcs/sources_1/bd/dma/ipshared/7ee0/hdl/generic_baseblocks_v2_1_vl_rfs.v:2452]
INFO: [Synth 8-256] done synthesizing module 'axi_crossbar_v2_1_12_wdata_mux' (12#1) [/home/gsc/zynq7000/projects/hardware_design/zed_dma/zed_dma.srcs/sources_1/bd/dma/ipshared/896d/hdl/axi_crossbar_v2_1_vl_rfs.v:4559]
INFO: [Synth 8-638] synthesizing module 'axi_register_slice_v2_1_11_axi_register_slice' [/home/gsc/zynq7000/projects/hardware_design/zed_dma/zed_dma.srcs/sources_1/bd/dma/ipshared/0b6b/hdl/axi_register_slice_v2_1_vl_rfs.v:791]
INFO: [Synth 8-638] synthesizing module 'axi_infrastructure_v1_1_0_axi2vector' [/home/gsc/zynq7000/projects/hardware_design/zed_dma/zed_dma.srcs/sources_1/bd/dma/ipshared/7e3a/hdl/axi_infrastructure_v1_1_vl_rfs.v:60]
INFO: [Synth 8-256] done synthesizing module 'axi_infrastructure_v1_1_0_axi2vector' (13#1) [/home/gsc/zynq7000/projects/hardware_design/zed_dma/zed_dma.srcs/sources_1/bd/dma/ipshared/7e3a/hdl/axi_infrastructure_v1_1_vl_rfs.v:60]
INFO: [Synth 8-638] synthesizing module 'axi_register_slice_v2_1_11_axic_register_slice' [/home/gsc/zynq7000/projects/hardware_design/zed_dma/zed_dma.srcs/sources_1/bd/dma/ipshared/0b6b/hdl/axi_register_slice_v2_1_vl_rfs.v:85]
INFO: [Synth 8-256] done synthesizing module 'axi_register_slice_v2_1_11_axic_register_slice' (14#1) [/home/gsc/zynq7000/projects/hardware_design/zed_dma/zed_dma.srcs/sources_1/bd/dma/ipshared/0b6b/hdl/axi_register_slice_v2_1_vl_rfs.v:85]
INFO: [Synth 8-638] synthesizing module 'axi_register_slice_v2_1_11_axic_register_slice__parameterized0' [/home/gsc/zynq7000/projects/hardware_design/zed_dma/zed_dma.srcs/sources_1/bd/dma/ipshared/0b6b/hdl/axi_register_slice_v2_1_vl_rfs.v:85]
INFO: [Synth 8-256] done synthesizing module 'axi_register_slice_v2_1_11_axic_register_slice__parameterized0' (14#1) [/home/gsc/zynq7000/projects/hardware_design/zed_dma/zed_dma.srcs/sources_1/bd/dma/ipshared/0b6b/hdl/axi_register_slice_v2_1_vl_rfs.v:85]
INFO: [Synth 8-638] synthesizing module 'axi_register_slice_v2_1_11_axic_register_slice__parameterized1' [/home/gsc/zynq7000/projects/hardware_design/zed_dma/zed_dma.srcs/sources_1/bd/dma/ipshared/0b6b/hdl/axi_register_slice_v2_1_vl_rfs.v:85]
INFO: [Synth 8-256] done synthesizing module 'axi_register_slice_v2_1_11_axic_register_slice__parameterized1' (14#1) [/home/gsc/zynq7000/projects/hardware_design/zed_dma/zed_dma.srcs/sources_1/bd/dma/ipshared/0b6b/hdl/axi_register_slice_v2_1_vl_rfs.v:85]
INFO: [Synth 8-638] synthesizing module 'axi_register_slice_v2_1_11_axic_register_slice__parameterized2' [/home/gsc/zynq7000/projects/hardware_design/zed_dma/zed_dma.srcs/sources_1/bd/dma/ipshared/0b6b/hdl/axi_register_slice_v2_1_vl_rfs.v:85]
INFO: [Synth 8-256] done synthesizing module 'axi_register_slice_v2_1_11_axic_register_slice__parameterized2' (14#1) [/home/gsc/zynq7000/projects/hardware_design/zed_dma/zed_dma.srcs/sources_1/bd/dma/ipshared/0b6b/hdl/axi_register_slice_v2_1_vl_rfs.v:85]
INFO: [Synth 8-638] synthesizing module 'axi_infrastructure_v1_1_0_vector2axi' [/home/gsc/zynq7000/projects/hardware_design/zed_dma/zed_dma.srcs/sources_1/bd/dma/ipshared/7e3a/hdl/axi_infrastructure_v1_1_vl_rfs.v:474]
INFO: [Synth 8-256] done synthesizing module 'axi_infrastructure_v1_1_0_vector2axi' (15#1) [/home/gsc/zynq7000/projects/hardware_design/zed_dma/zed_dma.srcs/sources_1/bd/dma/ipshared/7e3a/hdl/axi_infrastructure_v1_1_vl_rfs.v:474]
INFO: [Synth 8-256] done synthesizing module 'axi_register_slice_v2_1_11_axi_register_slice' (16#1) [/home/gsc/zynq7000/projects/hardware_design/zed_dma/zed_dma.srcs/sources_1/bd/dma/ipshared/0b6b/hdl/axi_register_slice_v2_1_vl_rfs.v:791]
INFO: [Synth 8-638] synthesizing module 'axi_crossbar_v2_1_12_addr_decoder__parameterized2' [/home/gsc/zynq7000/projects/hardware_design/zed_dma/zed_dma.srcs/sources_1/bd/dma/ipshared/896d/hdl/axi_crossbar_v2_1_vl_rfs.v:794]
INFO: [Synth 8-256] done synthesizing module 'axi_crossbar_v2_1_12_addr_decoder__parameterized2' (16#1) [/home/gsc/zynq7000/projects/hardware_design/zed_dma/zed_dma.srcs/sources_1/bd/dma/ipshared/896d/hdl/axi_crossbar_v2_1_vl_rfs.v:794]
INFO: [Synth 8-638] synthesizing module 'axi_crossbar_v2_1_12_addr_decoder__parameterized3' [/home/gsc/zynq7000/projects/hardware_design/zed_dma/zed_dma.srcs/sources_1/bd/dma/ipshared/896d/hdl/axi_crossbar_v2_1_vl_rfs.v:794]
INFO: [Synth 8-256] done synthesizing module 'axi_crossbar_v2_1_12_addr_decoder__parameterized3' (16#1) [/home/gsc/zynq7000/projects/hardware_design/zed_dma/zed_dma.srcs/sources_1/bd/dma/ipshared/896d/hdl/axi_crossbar_v2_1_vl_rfs.v:794]
INFO: [Synth 8-638] synthesizing module 'axi_data_fifo_v2_1_10_axic_srl_fifo__parameterized1' [/home/gsc/zynq7000/projects/hardware_design/zed_dma/zed_dma.srcs/sources_1/bd/dma/ipshared/39ba/hdl/axi_data_fifo_v2_1_vl_rfs.v:698]
INFO: [Synth 8-256] done synthesizing module 'axi_data_fifo_v2_1_10_axic_srl_fifo__parameterized1' (16#1) [/home/gsc/zynq7000/projects/hardware_design/zed_dma/zed_dma.srcs/sources_1/bd/dma/ipshared/39ba/hdl/axi_data_fifo_v2_1_vl_rfs.v:698]
INFO: [Synth 8-638] synthesizing module 'axi_crossbar_v2_1_12_wdata_mux__parameterized0' [/home/gsc/zynq7000/projects/hardware_design/zed_dma/zed_dma.srcs/sources_1/bd/dma/ipshared/896d/hdl/axi_crossbar_v2_1_vl_rfs.v:4559]
INFO: [Synth 8-638] synthesizing module 'axi_data_fifo_v2_1_10_axic_reg_srl_fifo__parameterized1' [/home/gsc/zynq7000/projects/hardware_design/zed_dma/zed_dma.srcs/sources_1/bd/dma/ipshared/39ba/hdl/axi_data_fifo_v2_1_vl_rfs.v:889]
INFO: [Synth 8-256] done synthesizing module 'axi_data_fifo_v2_1_10_axic_reg_srl_fifo__parameterized1' (16#1) [/home/gsc/zynq7000/projects/hardware_design/zed_dma/zed_dma.srcs/sources_1/bd/dma/ipshared/39ba/hdl/axi_data_fifo_v2_1_vl_rfs.v:889]
INFO: [Synth 8-638] synthesizing module 'generic_baseblocks_v2_1_0_mux_enc__parameterized3' [/home/gsc/zynq7000/projects/hardware_design/zed_dma/zed_dma.srcs/sources_1/bd/dma/ipshared/7ee0/hdl/generic_baseblocks_v2_1_vl_rfs.v:2452]
INFO: [Synth 8-256] done synthesizing module 'generic_baseblocks_v2_1_0_mux_enc__parameterized3' (16#1) [/home/gsc/zynq7000/projects/hardware_design/zed_dma/zed_dma.srcs/sources_1/bd/dma/ipshared/7ee0/hdl/generic_baseblocks_v2_1_vl_rfs.v:2452]
INFO: [Synth 8-256] done synthesizing module 'axi_crossbar_v2_1_12_wdata_mux__parameterized0' (16#1) [/home/gsc/zynq7000/projects/hardware_design/zed_dma/zed_dma.srcs/sources_1/bd/dma/ipshared/896d/hdl/axi_crossbar_v2_1_vl_rfs.v:4559]
INFO: [Synth 8-638] synthesizing module 'axi_crossbar_v2_1_12_decerr_slave' [/home/gsc/zynq7000/projects/hardware_design/zed_dma/zed_dma.srcs/sources_1/bd/dma/ipshared/896d/hdl/axi_crossbar_v2_1_vl_rfs.v:3500]
INFO: [Synth 8-256] done synthesizing module 'axi_crossbar_v2_1_12_decerr_slave' (17#1) [/home/gsc/zynq7000/projects/hardware_design/zed_dma/zed_dma.srcs/sources_1/bd/dma/ipshared/896d/hdl/axi_crossbar_v2_1_vl_rfs.v:3500]
INFO: [Synth 8-638] synthesizing module 'axi_crossbar_v2_1_12_addr_arbiter' [/home/gsc/zynq7000/projects/hardware_design/zed_dma/zed_dma.srcs/sources_1/bd/dma/ipshared/896d/hdl/axi_crossbar_v2_1_vl_rfs.v:423]
INFO: [Synth 8-638] synthesizing module 'generic_baseblocks_v2_1_0_mux_enc__parameterized4' [/home/gsc/zynq7000/projects/hardware_design/zed_dma/zed_dma.srcs/sources_1/bd/dma/ipshared/7ee0/hdl/generic_baseblocks_v2_1_vl_rfs.v:2452]
INFO: [Synth 8-256] done synthesizing module 'generic_baseblocks_v2_1_0_mux_enc__parameterized4' (17#1) [/home/gsc/zynq7000/projects/hardware_design/zed_dma/zed_dma.srcs/sources_1/bd/dma/ipshared/7ee0/hdl/generic_baseblocks_v2_1_vl_rfs.v:2452]
INFO: [Synth 8-638] synthesizing module 'generic_baseblocks_v2_1_0_mux_enc__parameterized5' [/home/gsc/zynq7000/projects/hardware_design/zed_dma/zed_dma.srcs/sources_1/bd/dma/ipshared/7ee0/hdl/generic_baseblocks_v2_1_vl_rfs.v:2452]
INFO: [Synth 8-256] done synthesizing module 'generic_baseblocks_v2_1_0_mux_enc__parameterized5' (17#1) [/home/gsc/zynq7000/projects/hardware_design/zed_dma/zed_dma.srcs/sources_1/bd/dma/ipshared/7ee0/hdl/generic_baseblocks_v2_1_vl_rfs.v:2452]
INFO: [Synth 8-256] done synthesizing module 'axi_crossbar_v2_1_12_addr_arbiter' (18#1) [/home/gsc/zynq7000/projects/hardware_design/zed_dma/zed_dma.srcs/sources_1/bd/dma/ipshared/896d/hdl/axi_crossbar_v2_1_vl_rfs.v:423]
INFO: [Synth 8-256] done synthesizing module 'axi_crossbar_v2_1_12_crossbar' (19#1) [/home/gsc/zynq7000/projects/hardware_design/zed_dma/zed_dma.srcs/sources_1/bd/dma/ipshared/896d/hdl/axi_crossbar_v2_1_vl_rfs.v:2239]
INFO: [Synth 8-256] done synthesizing module 'axi_crossbar_v2_1_12_axi_crossbar' (20#1) [/home/gsc/zynq7000/projects/hardware_design/zed_dma/zed_dma.srcs/sources_1/bd/dma/ipshared/896d/hdl/axi_crossbar_v2_1_vl_rfs.v:4882]
INFO: [Synth 8-256] done synthesizing module 'dma_xbar_0' (21#1) [/home/gsc/zynq7000/projects/hardware_design/zed_dma/zed_dma.srcs/sources_1/bd/dma/ip/dma_xbar_0/synth/dma_xbar_0.v:59]
Finished RTL Elaboration : Time (s): cpu = 00:00:13 ; elapsed = 00:00:14 . Memory (MB): peak = 1220.125 ; gain = 282.559 ; free physical = 3769 ; free virtual = 13746
Finished RTL Optimization Phase 1 : Time (s): cpu = 00:00:14 ; elapsed = 00:00:14 . Memory (MB): peak = 1220.125 ; gain = 282.559 ; free physical = 3768 ; free virtual = 13744
INFO: [Device 21-403] Loading part xc7z020clg484-1
Constraint Validation Runtime : Time (s): cpu = 00:00:00.08 ; elapsed = 00:00:00.08 . Memory (MB): peak = 1488.984 ; gain = 0.004 ; free physical = 3510 ; free virtual = 13533
Finished Constraint Validation : Time (s): cpu = 00:00:24 ; elapsed = 00:00:25 . Memory (MB): peak = 1488.984 ; gain = 551.418 ; free physical = 3508 ; free virtual = 13532
Finished Loading Part and Timing Information : Time (s): cpu = 00:00:24 ; elapsed = 00:00:25 . Memory (MB): peak = 1488.984 ; gain = 551.418 ; free physical = 3508 ; free virtual = 13532
Finished applying 'set_property' XDC Constraints : Time (s): cpu = 00:00:24 ; elapsed = 00:00:25 . Memory (MB): peak = 1488.984 ; gain = 551.418 ; free physical = 3508 ; free virtual = 13532
Finished RTL Optimization Phase 2 : Time (s): cpu = 00:00:25 ; elapsed = 00:00:26 . Memory (MB): peak = 1488.984 ; gain = 551.418 ; free physical = 3519 ; free virtual = 13543
Finished Cross Boundary and Area Optimization : Time (s): cpu = 00:00:28 ; elapsed = 00:00:29 . Memory (MB): peak = 1488.988 ; gain = 551.422 ; free physical = 3508 ; free virtual = 13534
Finished Applying XDC Timing Constraints : Time (s): cpu = 00:00:36 ; elapsed = 00:00:37 . Memory (MB): peak = 1488.988 ; gain = 551.422 ; free physical = 3515 ; free virtual = 13517
Finished Timing Optimization : Time (s): cpu = 00:00:37 ; elapsed = 00:00:38 . Memory (MB): peak = 1514.559 ; gain = 576.992 ; free physical = 3490 ; free virtual = 13491
Finished Technology Mapping : Time (s): cpu = 00:00:38 ; elapsed = 00:00:39 . Memory (MB): peak = 1522.566 ; gain = 585.000 ; free physical = 3482 ; free virtual = 13483
Finished IO Insertion : Time (s): cpu = 00:00:38 ; elapsed = 00:00:39 . Memory (MB): peak = 1522.570 ; gain = 585.004 ; free physical = 3482 ; free virtual = 13483
Finished Renaming Generated Instances : Time (s): cpu = 00:00:38 ; elapsed = 00:00:39 . Memory (MB): peak = 1522.570 ; gain = 585.004 ; free physical = 3482 ; free virtual = 13483
Finished Rebuilding User Hierarchy : Time (s): cpu = 00:00:38 ; elapsed = 00:00:39 . Memory (MB): peak = 1522.570 ; gain = 585.004 ; free physical = 3482 ; free virtual = 13483
Finished Renaming Generated Ports : Time (s): cpu = 00:00:38 ; elapsed = 00:00:39 . Memory (MB): peak = 1522.570 ; gain = 585.004 ; free physical = 3482 ; free virtual = 13483
Finished Handling Custom Attributes : Time (s): cpu = 00:00:38 ; elapsed = 00:00:39 . Memory (MB): peak = 1522.570 ; gain = 585.004 ; free physical = 3482 ; free virtual = 13483
Finished Renaming Generated Nets : Time (s): cpu = 00:00:38 ; elapsed = 00:00:39 . Memory (MB): peak = 1522.570 ; gain = 585.004 ; free physical = 3482 ; free virtual = 13483

Report Cell Usage: 
+------+--------+------+
|      |Cell    |Count |
+------+--------+------+
|1     |LUT1    |     8|
|2     |LUT2    |   162|
|3     |LUT3    |   177|
|4     |LUT4    |   178|
|5     |LUT5    |    55|
|6     |LUT6    |   111|
|7     |SRLC32E |     6|
|8     |FDRE    |   376|
|9     |FDSE    |    15|
+------+--------+------+
Finished Writing Synthesis Report : Time (s): cpu = 00:00:38 ; elapsed = 00:00:39 . Memory (MB): peak = 1522.570 ; gain = 585.004 ; free physical = 3482 ; free virtual = 13483
synth_design: Time (s): cpu = 00:00:37 ; elapsed = 00:00:37 . Memory (MB): peak = 1524.570 ; gain = 519.500 ; free physical = 3480 ; free virtual = 13484
