#-----------------------------------------------------------
# Vivado v2016.4 (64-bit)
# SW Build 1756540 on Mon Jan 23 19:11:19 MST 2017
# IP Build 1755317 on Mon Jan 23 20:30:07 MST 2017
# Start of session at: Mon Apr 24 19:34:00 2017
# Process ID: 5631
# Current directory: /home/gsc/zynq7000/projects/hardware_design/zed_dma
# Command line: vivado zed_dma.xpr
# Log file: /home/gsc/zynq7000/projects/hardware_design/zed_dma/vivado.log
# Journal file: /home/gsc/zynq7000/projects/hardware_design/zed_dma/vivado.jou
#-----------------------------------------------------------
start_gui
open_project zed_dma.xpr
Scanning sources...
Finished scanning sources
INFO: [IP_Flow 19-234] Refreshing IP repositories
INFO: [IP_Flow 19-1700] Loaded user IP repository '/home/gsc/zynq7000/projects/hardware_design/ip/project/par/project_iis_ip'.
INFO: [IP_Flow 19-1700] Loaded user IP repository '/home/gsc/zynq7000/projects/hardware_design/ip/project/par/iis_gen_ip'.
INFO: [IP_Flow 19-1700] Loaded user IP repository '/home/gsc/zynq7000/projects/hardware_design/ip/project/par/project_int_ip'.
INFO: [IP_Flow 19-1700] Loaded user IP repository '/home/gsc/zynq7000/projects/hardware_design/ip/project/par/iis_axi_ip'.
INFO: [IP_Flow 19-2313] Loaded Vivado IP repository '/opt/Xilinx/Vivado/2016.4/data/ip'.
open_project: Time (s): cpu = 00:00:13 ; elapsed = 00:00:07 . Memory (MB): peak = 5887.270 ; gain = 140.305 ; free physical = 3227 ; free virtual = 13714
launch_sdk -workspace /home/gsc/zynq7000/projects/hardware_design/zed_dma/zed_dma.sdk -hwspec /home/gsc/zynq7000/projects/hardware_design/zed_dma/zed_dma.sdk/dma_wrapper.hdf
INFO: [Vivado 12-393] Launching SDK...
INFO: [Vivado 12-417] Running xsdk -workspace /home/gsc/zynq7000/projects/hardware_design/zed_dma/zed_dma.sdk -hwspec /home/gsc/zynq7000/projects/hardware_design/zed_dma/zed_dma.sdk/dma_wrapper.hdf
INFO: [Vivado 12-3157] SDK launch initiated. Please check console for any further messages.
exit
INFO: [Common 17-206] Exiting Vivado at Mon Apr 24 19:45:52 2017...
