#-----------------------------------------------------------
# Vivado v2016.4 (64-bit)
# SW Build 1756540 on Mon Jan 23 19:11:19 MST 2017
# IP Build 1755317 on Mon Jan 23 20:30:07 MST 2017
# Start of session at: Mon Apr 24 21:08:48 2017
# Process ID: 27829
# Current directory: /home/gsc/zynq7000/projects/hardware_design/zed_dma
# Command line: vivado zed_dma.xpr
# Log file: /home/gsc/zynq7000/projects/hardware_design/zed_dma/vivado.log
# Journal file: /home/gsc/zynq7000/projects/hardware_design/zed_dma/vivado.jou
#-----------------------------------------------------------
start_gui
open_project zed_dma.xpr
Scanning sources...
Finished scanning sources
INFO: [IP_Flow 19-234] Refreshing IP repositories
INFO: [IP_Flow 19-1700] Loaded user IP repository '/home/gsc/zynq7000/projects/hardware_design/ip/project/par/project_iis_ip'.
INFO: [IP_Flow 19-1700] Loaded user IP repository '/home/gsc/zynq7000/projects/hardware_design/ip/project/par/iis_gen_ip'.
INFO: [IP_Flow 19-1700] Loaded user IP repository '/home/gsc/zynq7000/projects/hardware_design/ip/project/par/project_int_ip'.
INFO: [IP_Flow 19-1700] Loaded user IP repository '/home/gsc/zynq7000/projects/hardware_design/ip/project/par/iis_axi_ip'.
INFO: [IP_Flow 19-2313] Loaded Vivado IP repository '/opt/Xilinx/Vivado/2016.4/data/ip'.
open_project: Time (s): cpu = 00:00:17 ; elapsed = 00:00:08 . Memory (MB): peak = 5903.039 ; gain = 159.652 ; free physical = 1263 ; free virtual = 13021
exit
INFO: [Common 17-206] Exiting Vivado at Mon Apr 24 21:46:01 2017...
