
*** Running vivado
    with args -log dma_auto_pc_0.vds -m64 -product Vivado -mode batch -messageDb vivado.pb -notrace -source dma_auto_pc_0.tcl


****** Vivado v2016.4 (64-bit)
  **** SW Build 1756540 on Mon Jan 23 19:11:19 MST 2017
  **** IP Build 1755317 on Mon Jan 23 20:30:07 MST 2017
    ** Copyright 1986-2016 Xilinx, Inc. All Rights Reserved.

source dma_auto_pc_0.tcl -notrace
Starting RTL Elaboration : Time (s): cpu = 00:00:12 ; elapsed = 00:00:12 . Memory (MB): peak = 1075.645 ; gain = 138.082 ; free physical = 1443 ; free virtual = 12163
INFO: [Synth 8-638] synthesizing module 'dma_auto_pc_0' [/home/gsc/zynq7000/projects/hardware_design/zed_dma/zed_dma.srcs/sources_1/bd/dma/ip/dma_auto_pc_0/synth/dma_auto_pc_0.v:58]
INFO: [Synth 8-638] synthesizing module 'axi_protocol_converter_v2_1_11_axi_protocol_converter' [/home/gsc/zynq7000/projects/hardware_design/zed_dma/zed_dma.srcs/sources_1/bd/dma/ipshared/df1b/hdl/axi_protocol_converter_v2_1_vl_rfs.v:4806]
INFO: [Synth 8-638] synthesizing module 'axi_protocol_converter_v2_1_11_axi3_conv' [/home/gsc/zynq7000/projects/hardware_design/zed_dma/zed_dma.srcs/sources_1/bd/dma/ipshared/df1b/hdl/axi_protocol_converter_v2_1_vl_rfs.v:954]
INFO: [Synth 8-638] synthesizing module 'axi_protocol_converter_v2_1_11_b_downsizer' [/home/gsc/zynq7000/projects/hardware_design/zed_dma/zed_dma.srcs/sources_1/bd/dma/ipshared/df1b/hdl/axi_protocol_converter_v2_1_vl_rfs.v:2276]
INFO: [Synth 8-256] done synthesizing module 'axi_protocol_converter_v2_1_11_b_downsizer' (1#1) [/home/gsc/zynq7000/projects/hardware_design/zed_dma/zed_dma.srcs/sources_1/bd/dma/ipshared/df1b/hdl/axi_protocol_converter_v2_1_vl_rfs.v:2276]
INFO: [Synth 8-638] synthesizing module 'axi_protocol_converter_v2_1_11_a_axi3_conv' [/home/gsc/zynq7000/projects/hardware_design/zed_dma/zed_dma.srcs/sources_1/bd/dma/ipshared/df1b/hdl/axi_protocol_converter_v2_1_vl_rfs.v:62]
INFO: [Synth 8-638] synthesizing module 'axi_data_fifo_v2_1_10_axic_fifo' [/home/gsc/zynq7000/projects/hardware_design/zed_dma/zed_dma.srcs/sources_1/bd/dma/ipshared/39ba/hdl/axi_data_fifo_v2_1_vl_rfs.v:64]
INFO: [Synth 8-638] synthesizing module 'axi_data_fifo_v2_1_10_fifo_gen' [/home/gsc/zynq7000/projects/hardware_design/zed_dma/zed_dma.srcs/sources_1/bd/dma/ipshared/39ba/hdl/axi_data_fifo_v2_1_vl_rfs.v:168]
INFO: [Synth 8-256] done synthesizing module 'axi_data_fifo_v2_1_10_fifo_gen' (20#1) [/home/gsc/zynq7000/projects/hardware_design/zed_dma/zed_dma.srcs/sources_1/bd/dma/ipshared/39ba/hdl/axi_data_fifo_v2_1_vl_rfs.v:168]
INFO: [Synth 8-256] done synthesizing module 'axi_data_fifo_v2_1_10_axic_fifo' (21#1) [/home/gsc/zynq7000/projects/hardware_design/zed_dma/zed_dma.srcs/sources_1/bd/dma/ipshared/39ba/hdl/axi_data_fifo_v2_1_vl_rfs.v:64]
INFO: [Synth 8-638] synthesizing module 'axi_data_fifo_v2_1_10_axic_fifo__parameterized0' [/home/gsc/zynq7000/projects/hardware_design/zed_dma/zed_dma.srcs/sources_1/bd/dma/ipshared/39ba/hdl/axi_data_fifo_v2_1_vl_rfs.v:64]
INFO: [Synth 8-638] synthesizing module 'axi_data_fifo_v2_1_10_fifo_gen__parameterized0' [/home/gsc/zynq7000/projects/hardware_design/zed_dma/zed_dma.srcs/sources_1/bd/dma/ipshared/39ba/hdl/axi_data_fifo_v2_1_vl_rfs.v:168]
INFO: [Synth 8-256] done synthesizing module 'axi_data_fifo_v2_1_10_fifo_gen__parameterized0' (21#1) [/home/gsc/zynq7000/projects/hardware_design/zed_dma/zed_dma.srcs/sources_1/bd/dma/ipshared/39ba/hdl/axi_data_fifo_v2_1_vl_rfs.v:168]
INFO: [Synth 8-256] done synthesizing module 'axi_data_fifo_v2_1_10_axic_fifo__parameterized0' (21#1) [/home/gsc/zynq7000/projects/hardware_design/zed_dma/zed_dma.srcs/sources_1/bd/dma/ipshared/39ba/hdl/axi_data_fifo_v2_1_vl_rfs.v:64]
INFO: [Synth 8-256] done synthesizing module 'axi_protocol_converter_v2_1_11_a_axi3_conv' (22#1) [/home/gsc/zynq7000/projects/hardware_design/zed_dma/zed_dma.srcs/sources_1/bd/dma/ipshared/df1b/hdl/axi_protocol_converter_v2_1_vl_rfs.v:62]
INFO: [Synth 8-638] synthesizing module 'axi_protocol_converter_v2_1_11_w_axi3_conv' [/home/gsc/zynq7000/projects/hardware_design/zed_dma/zed_dma.srcs/sources_1/bd/dma/ipshared/df1b/hdl/axi_protocol_converter_v2_1_vl_rfs.v:2004]
INFO: [Synth 8-256] done synthesizing module 'axi_protocol_converter_v2_1_11_w_axi3_conv' (23#1) [/home/gsc/zynq7000/projects/hardware_design/zed_dma/zed_dma.srcs/sources_1/bd/dma/ipshared/df1b/hdl/axi_protocol_converter_v2_1_vl_rfs.v:2004]
INFO: [Synth 8-638] synthesizing module 'axi_protocol_converter_v2_1_11_a_axi3_conv__parameterized0' [/home/gsc/zynq7000/projects/hardware_design/zed_dma/zed_dma.srcs/sources_1/bd/dma/ipshared/df1b/hdl/axi_protocol_converter_v2_1_vl_rfs.v:62]
INFO: [Synth 8-638] synthesizing module 'axi_data_fifo_v2_1_10_axic_fifo__parameterized1' [/home/gsc/zynq7000/projects/hardware_design/zed_dma/zed_dma.srcs/sources_1/bd/dma/ipshared/39ba/hdl/axi_data_fifo_v2_1_vl_rfs.v:64]
INFO: [Synth 8-638] synthesizing module 'axi_data_fifo_v2_1_10_fifo_gen__parameterized1' [/home/gsc/zynq7000/projects/hardware_design/zed_dma/zed_dma.srcs/sources_1/bd/dma/ipshared/39ba/hdl/axi_data_fifo_v2_1_vl_rfs.v:168]
INFO: [Synth 8-256] done synthesizing module 'axi_data_fifo_v2_1_10_fifo_gen__parameterized1' (23#1) [/home/gsc/zynq7000/projects/hardware_design/zed_dma/zed_dma.srcs/sources_1/bd/dma/ipshared/39ba/hdl/axi_data_fifo_v2_1_vl_rfs.v:168]
INFO: [Synth 8-256] done synthesizing module 'axi_data_fifo_v2_1_10_axic_fifo__parameterized1' (23#1) [/home/gsc/zynq7000/projects/hardware_design/zed_dma/zed_dma.srcs/sources_1/bd/dma/ipshared/39ba/hdl/axi_data_fifo_v2_1_vl_rfs.v:64]
INFO: [Synth 8-256] done synthesizing module 'axi_protocol_converter_v2_1_11_a_axi3_conv__parameterized0' (23#1) [/home/gsc/zynq7000/projects/hardware_design/zed_dma/zed_dma.srcs/sources_1/bd/dma/ipshared/df1b/hdl/axi_protocol_converter_v2_1_vl_rfs.v:62]
INFO: [Synth 8-638] synthesizing module 'axi_protocol_converter_v2_1_11_r_axi3_conv' [/home/gsc/zynq7000/projects/hardware_design/zed_dma/zed_dma.srcs/sources_1/bd/dma/ipshared/df1b/hdl/axi_protocol_converter_v2_1_vl_rfs.v:1789]
INFO: [Synth 8-256] done synthesizing module 'axi_protocol_converter_v2_1_11_r_axi3_conv' (24#1) [/home/gsc/zynq7000/projects/hardware_design/zed_dma/zed_dma.srcs/sources_1/bd/dma/ipshared/df1b/hdl/axi_protocol_converter_v2_1_vl_rfs.v:1789]
INFO: [Synth 8-256] done synthesizing module 'axi_protocol_converter_v2_1_11_axi3_conv' (25#1) [/home/gsc/zynq7000/projects/hardware_design/zed_dma/zed_dma.srcs/sources_1/bd/dma/ipshared/df1b/hdl/axi_protocol_converter_v2_1_vl_rfs.v:954]
INFO: [Synth 8-256] done synthesizing module 'axi_protocol_converter_v2_1_11_axi_protocol_converter' (26#1) [/home/gsc/zynq7000/projects/hardware_design/zed_dma/zed_dma.srcs/sources_1/bd/dma/ipshared/df1b/hdl/axi_protocol_converter_v2_1_vl_rfs.v:4806]
INFO: [Synth 8-256] done synthesizing module 'dma_auto_pc_0' (27#1) [/home/gsc/zynq7000/projects/hardware_design/zed_dma/zed_dma.srcs/sources_1/bd/dma/ip/dma_auto_pc_0/synth/dma_auto_pc_0.v:58]
Finished RTL Elaboration : Time (s): cpu = 00:00:56 ; elapsed = 00:00:59 . Memory (MB): peak = 1201.121 ; gain = 263.559 ; free physical = 1234 ; free virtual = 11934
Finished RTL Optimization Phase 1 : Time (s): cpu = 00:00:57 ; elapsed = 00:00:59 . Memory (MB): peak = 1201.121 ; gain = 263.559 ; free physical = 1230 ; free virtual = 11930
INFO: [Device 21-403] Loading part xc7z020clg484-1
Constraint Validation Runtime : Time (s): cpu = 00:00:00.07 ; elapsed = 00:00:00.07 . Memory (MB): peak = 1468.980 ; gain = 0.004 ; free physical = 901 ; free virtual = 11607
Finished Constraint Validation : Time (s): cpu = 00:01:14 ; elapsed = 00:01:18 . Memory (MB): peak = 1468.980 ; gain = 531.418 ; free physical = 885 ; free virtual = 11596
Finished Loading Part and Timing Information : Time (s): cpu = 00:01:14 ; elapsed = 00:01:18 . Memory (MB): peak = 1468.980 ; gain = 531.418 ; free physical = 885 ; free virtual = 11596
Finished applying 'set_property' XDC Constraints : Time (s): cpu = 00:01:15 ; elapsed = 00:01:18 . Memory (MB): peak = 1468.980 ; gain = 531.418 ; free physical = 885 ; free virtual = 11596
Finished RTL Optimization Phase 2 : Time (s): cpu = 00:01:16 ; elapsed = 00:01:20 . Memory (MB): peak = 1468.980 ; gain = 531.418 ; free physical = 885 ; free virtual = 11594
Finished Cross Boundary and Area Optimization : Time (s): cpu = 00:01:21 ; elapsed = 00:01:27 . Memory (MB): peak = 1468.984 ; gain = 531.422 ; free physical = 1399 ; free virtual = 12117
---------------------------------------------------------------------------------
Start ROM, RAM, DSP and Shift Register Reporting
---------------------------------------------------------------------------------

Distributed RAM: Preliminary Mapping  Report (see note below)
+-----------------------+-------------------------------------------------------------------------------+----------------+----------------------+----------------+
|Module Name            | RTL Object                                                                    | Inference      | Size (Depth x Width) | Primitives     | 
+-----------------------+-------------------------------------------------------------------------------+----------------+----------------------+----------------+
|fifo_generator_v13_1_3 | inst_fifo_gen/gconvfifo.rf/grf.rf/gntv_or_sync_fifo.mem/gdm.dm_gen.dm/RAM_reg | User Attribute | 32 x 6               | RAM32M x 1     | 
|fifo_generator_v13_1_3 | inst_fifo_gen/gconvfifo.rf/grf.rf/gntv_or_sync_fifo.mem/gdm.dm_gen.dm/RAM_reg | User Attribute | 32 x 5               | RAM32M x 1     | 
|fifo_generator_v13_1_3 | inst_fifo_gen/gconvfifo.rf/grf.rf/gntv_or_sync_fifo.mem/gdm.dm_gen.dm/RAM_reg | User Attribute | 32 x 1               | RAM32X1D x 1   | 
+-----------------------+-------------------------------------------------------------------------------+----------------+----------------------+----------------+

Note: The table above is a preliminary report that shows the Distributed RAMs at the current stage of the synthesis flow. Some Distributed RAMs may be reimplemented as non Distributed RAM primitives later in the synthesis flow. Multiple instantiated RAMs are reported only once.
---------------------------------------------------------------------------------
Finished ROM, RAM, DSP and Shift Register Reporting
---------------------------------------------------------------------------------
Finished Applying XDC Timing Constraints : Time (s): cpu = 00:01:36 ; elapsed = 00:01:46 . Memory (MB): peak = 1468.984 ; gain = 531.422 ; free physical = 1048 ; free virtual = 11783
Finished Timing Optimization : Time (s): cpu = 00:01:38 ; elapsed = 00:01:49 . Memory (MB): peak = 1468.984 ; gain = 531.422 ; free physical = 990 ; free virtual = 11726
Finished Technology Mapping : Time (s): cpu = 00:01:39 ; elapsed = 00:01:50 . Memory (MB): peak = 1468.984 ; gain = 531.422 ; free physical = 984 ; free virtual = 11721
Finished IO Insertion : Time (s): cpu = 00:01:40 ; elapsed = 00:01:52 . Memory (MB): peak = 1468.984 ; gain = 531.422 ; free physical = 960 ; free virtual = 11698
Finished Renaming Generated Instances : Time (s): cpu = 00:01:40 ; elapsed = 00:01:52 . Memory (MB): peak = 1468.984 ; gain = 531.422 ; free physical = 959 ; free virtual = 11696
Finished Rebuilding User Hierarchy : Time (s): cpu = 00:01:40 ; elapsed = 00:01:52 . Memory (MB): peak = 1468.984 ; gain = 531.422 ; free physical = 957 ; free virtual = 11694
Finished Renaming Generated Ports : Time (s): cpu = 00:01:40 ; elapsed = 00:01:52 . Memory (MB): peak = 1468.984 ; gain = 531.422 ; free physical = 957 ; free virtual = 11694
Finished Handling Custom Attributes : Time (s): cpu = 00:01:41 ; elapsed = 00:01:52 . Memory (MB): peak = 1468.984 ; gain = 531.422 ; free physical = 963 ; free virtual = 11701
Finished Renaming Generated Nets : Time (s): cpu = 00:01:41 ; elapsed = 00:01:52 . Memory (MB): peak = 1468.984 ; gain = 531.422 ; free physical = 963 ; free virtual = 11700

Report Cell Usage: 
+------+---------+------+
|      |Cell     |Count |
+------+---------+------+
|1     |CARRY4   |    16|
|2     |LUT1     |    22|
|3     |LUT2     |    52|
|4     |LUT3     |    58|
|5     |LUT4     |    71|
|6     |LUT5     |   159|
|7     |LUT6     |    82|
|8     |RAM32M   |     2|
|9     |RAM32X1D |     1|
|10    |FDCE     |    69|
|11    |FDPE     |    63|
|12    |FDRE     |   341|
|13    |FDSE     |     5|
+------+---------+------+
Finished Writing Synthesis Report : Time (s): cpu = 00:01:41 ; elapsed = 00:01:52 . Memory (MB): peak = 1468.984 ; gain = 531.422 ; free physical = 963 ; free virtual = 11700
synth_design: Time (s): cpu = 00:01:40 ; elapsed = 00:01:52 . Memory (MB): peak = 1468.984 ; gain = 463.918 ; free physical = 966 ; free virtual = 11684
