#-----------------------------------------------------------
# Webtalk v2016.4 (64-bit)
# SW Build 1756540 on Mon Jan 23 19:11:19 MST 2017
# 
# Start of session at: Wed Apr 19 16:44:00 2017
# Process ID: 18595
# Current directory: /home/gsc/zynq7000/projects/hardware_design/zed_dma/zed_dma.sdk/webtalk
# Command line: wbtcv -mode batch -source sdk_webtalk.tcl
# Log file: /home/gsc/zynq7000/projects/hardware_design/zed_dma/zed_dma.sdk/webtalk/webtalk.log
# Journal file: /home/gsc/zynq7000/projects/hardware_design/zed_dma/zed_dma.sdk/webtalk/webtalk.jou
#-----------------------------------------------------------
source sdk_webtalk.tcl
# webtalk_init -webtalk_dir /home/gsc/zynq7000/projects/hardware_design/zed_dma/zed_dma.sdk/webtalk
# webtalk_register_client -client project
# webtalk_add_data -client project -key date_generated -value "2017-04-19 16:44:00" -context "software_version_and_target_device"
# webtalk_add_data -client project -key product_version -value "SDK v2016.4" -context "software_version_and_target_device"
# webtalk_add_data -client project -key build_version -value "2016.4" -context "software_version_and_target_device"
# webtalk_add_data -client project -key os_platform -value "amd64" -context "software_version_and_target_device"
# webtalk_add_data -client project -key registration_id -value "211123442_1777493249_210607167_949" -context "software_version_and_target_device"
# webtalk_add_data -client project -key tool_flow -value "SDK" -context "software_version_and_target_device"
# webtalk_add_data -client project -key beta -value "false" -context "software_version_and_target_device"
# webtalk_add_data -client project -key route_design -value "NA" -context "software_version_and_target_device"
# webtalk_add_data -client project -key target_family -value "NA" -context "software_version_and_target_device"
# webtalk_add_data -client project -key target_device -value "NA" -context "software_version_and_target_device"
# webtalk_add_data -client project -key target_package -value "NA" -context "software_version_and_target_device"
# webtalk_add_data -client project -key target_speed -value "NA" -context "software_version_and_target_device"
# webtalk_add_data -client project -key random_id -value "j2ebfrvk154b47l6rsia365hpi" -context "software_version_and_target_device"
# webtalk_add_data -client project -key project_id -value "2016.4_30" -context "software_version_and_target_device"
# webtalk_add_data -client project -key project_iteration -value "30" -context "software_version_and_target_device"
# webtalk_add_data -client project -key os_name -value "Ubuntu" -context "user_environment"
# webtalk_add_data -client project -key os_release -value "Ubuntu 14.04.5 LTS" -context "user_environment"
# webtalk_add_data -client project -key cpu_name -value "Intel(R) Core(TM) i7-5600U CPU @ 2.60GHz" -context "user_environment"
# webtalk_add_data -client project -key cpu_speed -value "2600.000 MHz" -context "user_environment"
# webtalk_add_data -client project -key total_processors -value "1" -context "user_environment"
# webtalk_add_data -client project -key system_ram -value "8.000 GB" -context "user_environment"
# webtalk_register_client -client sdk
# webtalk_add_data -client sdk -key uid -value "1492591244000" -context "sdk\\\\bsp/1492591244000"
# webtalk_add_data -client sdk -key hwid -value "1492588054000" -context "sdk\\\\bsp/1492591244000"
# webtalk_add_data -client sdk -key os -value "device_tree" -context "sdk\\\\bsp/1492591244000"
# webtalk_add_data -client sdk -key apptemplate -value "null" -context "sdk\\\\bsp/1492591244000"
# webtalk_add_data -client sdk -key RecordType -value "BSPCreation" -context "sdk\\\\bsp/1492591244000"
# webtalk_add_data -client sdk -key uid -value "1492591307000" -context "sdk\\\\bsp/1492591307000"
# webtalk_add_data -client sdk -key hwid -value "1492588054000" -context "sdk\\\\bsp/1492591307000"
# webtalk_add_data -client sdk -key os -value "standalone" -context "sdk\\\\bsp/1492591307000"
# webtalk_add_data -client sdk -key apptemplate -value "zynq_fsbl" -context "sdk\\\\bsp/1492591307000"
# webtalk_add_data -client sdk -key RecordType -value "BSPCreation" -context "sdk\\\\bsp/1492591307000"
# webtalk_add_data -client sdk -key uid -value "1492591319000" -context "sdk\\\\application/1492591319000"
# webtalk_add_data -client sdk -key hwid -value "1492588054000" -context "sdk\\\\application/1492591319000"
# webtalk_add_data -client sdk -key bspid -value "1492591307000" -context "sdk\\\\application/1492591319000"
# webtalk_add_data -client sdk -key newbsp -value "true" -context "sdk\\\\application/1492591319000"
# webtalk_add_data -client sdk -key os -value "standalone" -context "sdk\\\\application/1492591319000"
# webtalk_add_data -client sdk -key apptemplate -value "zynq_fsbl" -context "sdk\\\\application/1492591319000"
# webtalk_add_data -client sdk -key RecordType -value "APPCreation" -context "sdk\\\\application/1492591319000"
# webtalk_add_data -client sdk -key LangUsed -value "C" -context "sdk\\\\application/1492591319000"
# webtalk_add_data -client sdk -key Procused -value "ps7_cortexa9" -context "sdk\\\\application/1492591319000"
# webtalk_add_data -client sdk -key projSize -value "336.45703125" -context "sdk\\\\application/1492591319000"
# webtalk_add_data -client sdk -key uid -value "NA" -context "sdk\\\\bsp/1492591440439"
# webtalk_add_data -client sdk -key RecordType -value "ToolUsage" -context "sdk\\\\bsp/1492591440439"
# webtalk_add_data -client sdk -key BootgenCount -value "0" -context "sdk\\\\bsp/1492591440439"
# webtalk_add_data -client sdk -key DebugCount -value "0" -context "sdk\\\\bsp/1492591440439"
# webtalk_add_data -client sdk -key PerfCount -value "0" -context "sdk\\\\bsp/1492591440439"
# webtalk_add_data -client sdk -key FlashCount -value "0" -context "sdk\\\\bsp/1492591440439"
# webtalk_add_data -client sdk -key CrossTriggCount -value "0" -context "sdk\\\\bsp/1492591440439"
# webtalk_add_data -client sdk -key QemuDebugCount -value "0" -context "sdk\\\\bsp/1492591440439"
# webtalk_transmit -clientid 3619654905 -regid "211123442_1777493249_210607167_949" -xml /home/gsc/zynq7000/projects/hardware_design/zed_dma/zed_dma.sdk/webtalk/usage_statistics_ext_sdk.xml -html /home/gsc/zynq7000/projects/hardware_design/zed_dma/zed_dma.sdk/webtalk/usage_statistics_ext_sdk.html -wdm /home/gsc/zynq7000/projects/hardware_design/zed_dma/zed_dma.sdk/webtalk/sdk_webtalk.wdm -intro "<H3>SDK Usage Report</H3><BR>"
INFO: [Common 17-186] '/home/gsc/zynq7000/projects/hardware_design/zed_dma/zed_dma.sdk/webtalk/usage_statistics_ext_sdk.xml' has been successfully sent to Xilinx on Wed Apr 19 16:44:03 2017. For additional details about this file, please refer to the WebTalk help file at /opt/Xilinx/SDK/2016.4/doc/webtalk_introduction.html.
# webtalk_terminate
INFO: [Common 17-206] Exiting Webtalk at Wed Apr 19 16:44:03 2017...
